#
# A fatal error has been detected by the Java Runtime Environment:
#
#  EXCEPTION_ACCESS_VIOLATION (0xc0000005) at pc=0x000001759cc36904, pid=15996, tid=47388
#
# JRE version: Java(TM) SE Runtime Environment (18.0.2.1+1) (build 18.0.2.1+1-1)
# Java VM: Java HotSpot(TM) 64-Bit Server VM (18.0.2.1+1-1, mixed mode, emulated-client, sharing, tiered, compressed oops, compressed class ptrs, g1 gc, windows-amd64)
# Problematic frame:
# v  ~BufferBlob::MethodHandles adapters
#
# No core dump will be written. Minidumps are not enabled by default on client versions of Windows
#
# If you would like to submit a bug report, please visit:
#   https://bugreport.java.com/bugreport/crash.jsp
#

---------------  S U M M A R Y ------------

Command Line: -XX:+ShowCodeDetailsInExceptionMessages -agentlib:jdwp=transport=dt_socket,suspend=y,address=localhost:58856 -Dcom.sun.management.jmxremote -Dcom.sun.management.jmxremote.port=58854 -Dcom.sun.management.jmxremote.authenticate=false -Dcom.sun.management.jmxremote.ssl=false -Djava.rmi.server.hostname=localhost -Dspring.jmx.enabled=true -Dmanagement.endpoints.jmx.exposure.include=* -Dspring.application.admin.enabled=true -XX:TieredStopAtLevel=1 -Dspring.boot.project.name=Admin-Service -javaagent:C:\Users\Dell\eclipse\java-2022-09\eclipse\configuration\org.eclipse.osgi\228\0\.cp\lib\javaagent-shaded.jar -Dfile.encoding=UTF-8 com.admin.AdminServiceApplication --spring.output.ansi.enabled=always

Host: 11th Gen Intel(R) Core(TM) i5-1135G7 @ 2.40GHz, 8 cores, 7G,  Windows 11 , 64 bit Build 22621 (10.0.22621.2506)
Time: Tue Feb 27 18:28:43 2024 India Standard Time elapsed time: 5952.013791 seconds (0d 1h 39m 12s)

---------------  T H R E A D  ---------------

Current thread (0x00000175accdb410):  JavaThread "http-nio-8083-exec-4" daemon [_thread_in_Java, id=47388, stack(0x0000000174600000,0x0000000174700000)]

Stack: [0x0000000174600000,0x0000000174700000],  sp=0x00000001746fd798,  free space=1013k
Native frames: (J=compiled Java code, j=interpreted, Vv=VM code, C=native code)
C  0x000001759cc36904


siginfo: EXCEPTION_ACCESS_VIOLATION (0xc0000005), reading address 0xffffffffffffffff


Register to memory mapping:

RIP=0x000001759cc36904 is at begin+45 in a stub
MethodHandle::interpreter_entry::_linkToVirtual [0x000001759cc368d7, 0x000001759cc3692a] (83 bytes)
RAX=0x000001759cbea304 is at code_begin+4516 in an Interpreter codelet
return entry points  [0x000001759cbe9160, 0x000001759cbeb0a0]  8000 bytes
RBX=0x0000000085cf87f0 is an oop: com.admin.controller.AdminController 
{0x0000000085cf87f0} - klass: 'com/admin/controller/AdminController'
 - ---- fields (total size 3 words):
 - private 'courseService' 'Lcom/admin/service/CourseService;' @12  a 'com/admin/service/CourseService'{0x0000000085cbd220} (85cbd220)
 - private 'subcategoryService' 'Lcom/admin/service/SubcategoryService;' @16  a 'com/admin/service/SubcategoryService'{0x0000000085cf8808} (85cf8808)
 - private 'categoryService' 'Lcom/admin/service/CategoryService;' @20  a 'com/admin/service/CategoryService'{0x0000000085cf8818} (85cf8818)
RCX=0x00000001746fd7a0 is pointing into the stack for thread: 0x00000175accdb410
RDX=0x0000000000000002 is an unknown value
RSP=0x00000001746fd798 is pointing into the stack for thread: 0x00000175accdb410
RBP=0x00000001746fd7e8 is pointing into the stack for thread: 0x00000175accdb410
RSI=0x00000175ac29f308 points into unknown readable memory: 0x8000066d2304b864 | 64 b8 04 23 6d 06 00 80
RDI=0x00000175ac09c260 points into unknown readable memory: 0x0000001800000060 | 60 00 00 00 18 00 00 00
R8 =0x0000000000000004 is an unknown value
R9 =0x0000000000000004 is an unknown value
R10=0x00000008006dd3f2 is pointing into metadata
R11=0x85cf881885cf8808 is an unknown value
R12=0x0 is NULL
R13=0x00000001746fd798 is pointing into the stack for thread: 0x00000175accdb410
R14=0x00000001746fd808 is pointing into the stack for thread: 0x00000175accdb410
R15=0x00000175accdb410 is a thread


Registers:
RAX=0x000001759cbea304, RBX=0x0000000085cf87f0, RCX=0x00000001746fd7a0, RDX=0x0000000000000002
RSP=0x00000001746fd798, RBP=0x00000001746fd7e8, RSI=0x00000175ac29f308, RDI=0x00000175ac09c260
R8 =0x0000000000000004, R9 =0x0000000000000004, R10=0x00000008006dd3f2, R11=0x85cf881885cf8808
R12=0x0000000000000000, R13=0x00000001746fd798, R14=0x00000001746fd808, R15=0x00000175accdb410
RIP=0x000001759cc36904, EFLAGS=0x0000000000010202

Top of Stack: (sp=0x00000001746fd798)
0x00000001746fd798:   000001759cbea304 00000001746fd7a0
0x00000001746fd7a8:   00000008006dd3f2 00000001746fd808
0x00000001746fd7b8:   00000008000c4a00 0000000087811878
0x00000001746fd7c8:   0000000084a1be08 00000008000c72d8
0x00000001746fd7d8:   00000001746fd798 00000001746fd810
0x00000001746fd7e8:   00000001746fdb50 000001759d2da596
0x00000001746fd7f8:   00000000878117e0 0000000085cf87f0
0x00000001746fd808:   0000000087811778 0000000087811730
0x00000001746fd818:   0000000000000000 00000001746fdb50
0x00000001746fd828:   000001759d0066c4 0000000087811750
0x00000001746fd838:   0000000085cf87f0 0000000087811850
0x00000001746fd848:   0000000087811778 0000000085cf87f0
0x00000001746fd858:   000001759d2da4b4 00000001746fdb50
0x00000001746fd868:   000001759d6cfd46 00000175accdb410
0x00000001746fd878:   00000001746fdad0 00000175accdb410
0x00000001746fd888:   00007ffe27846e5f 00000175accdb410 

Instructions: (pc=0x000001759cc36904)
0x000001759cc36804:   00 00 00 00 01 00 00 00 00 00 00 00 48 39 98 27
0x000001759cc36814:   fe 7f 00 00 00 00 00 00 10 10 00 00 68 00 00 00
0x000001759cc36824:   ff ff ff ff 10 10 00 00 00 00 00 00 80 68 c3 9c
0x000001759cc36834:   75 01 00 00 20 78 c3 9c 75 01 00 00 80 68 c3 9c
0x000001759cc36844:   75 01 00 00 20 78 c3 9c 75 01 00 00 78 68 c3 9c
0x000001759cc36854:   75 01 00 00 78 68 c3 9c 75 01 00 00 00 00 00 00
0x000001759cc36864:   00 00 00 00 00 00 00 00 00 00 00 00 08 3a 98 27
0x000001759cc36874:   fe 7f 00 00 00 00 00 00 00 00 00 00 f4 66 66 66
0x000001759cc36884:   0f 1f 84 00 00 00 00 00 66 66 66 90 66 66 66 0f
0x000001759cc36894:   1f 84 00 00 00 00 00 66 66 66 90 90 48 8b 53 08
0x000001759cc368a4:   0f b7 52 2c 48 8b 0c d4 8b 59 14 8b 5b 28 8b 5b
0x000001759cc368b4:   24 48 8b 5b 10 48 85 db 0f 84 10 00 00 00 41 80
0x000001759cc368c4:   bf 80 04 00 00 00 74 03 ff 63 38 ff 63 50 e9 a9
0x000001759cc368d4:   aa fd ff 66 0f 1f 84 00 00 00 00 00 48 8b 53 08
0x000001759cc368e4:   0f b7 52 2c 48 8b 0c d4 58 5b 50 44 8b 51 08 49
0x000001759cc368f4:   bb 00 00 00 00 08 00 00 00 4d 03 d3 4c 8b 5b 10
0x000001759cc36904:   4b 8b 9c da b8 01 00 00 48 85 db 0f 84 10 00 00
0x000001759cc36914:   00 41 80 bf 80 04 00 00 00 74 03 ff 63 38 ff 63
0x000001759cc36924:   50 e9 56 aa fd ff 66 66 66 0f 1f 84 00 00 00 00
0x000001759cc36934:   00 66 66 66 90 0f 1f 80 00 00 00 00 58 5b 50 8b
0x000001759cc36944:   5b 24 48 8b 5b 10 48 85 db 0f 84 10 00 00 00 41
0x000001759cc36954:   80 bf 80 04 00 00 00 74 03 ff 63 38 ff 63 50 e9
0x000001759cc36964:   18 aa fd ff 66 66 66 0f 1f 84 00 00 00 00 00 66
0x000001759cc36974:   66 66 90 66 0f 1f 84 00 00 00 00 00 48 8b 53 08
0x000001759cc36984:   0f b7 52 2c 48 8b 0c d4 58 5b 50 48 3b 01 8b 5b
0x000001759cc36994:   24 48 8b 5b 10 48 85 db 0f 84 10 00 00 00 41 80
0x000001759cc369a4:   bf 80 04 00 00 00 74 03 ff 63 38 ff 63 50 e9 c9
0x000001759cc369b4:   a9 fd ff 66 0f 1f 84 00 00 00 00 00 48 8b 53 08
0x000001759cc369c4:   0f b7 52 2c 48 8b 0c d4 58 5b 50 44 8b 51 08 49
0x000001759cc369d4:   bb 00 00 00 00 08 00 00 00 4d 03 d3 8b 43 18 48
0x000001759cc369e4:   8b 40 10 48 8b 5b 10 45 8b 9a a0 00 00 00 4f 8d
0x000001759cc369f4:   9c da b8 01 00 00 4d 8d 14 da 49 8b 1b 48 3b c3 


Stack slot to memory mapping:
stack at sp + 0 slots: 0x000001759cbea304 is at code_begin+4516 in an Interpreter codelet
return entry points  [0x000001759cbe9160, 0x000001759cbeb0a0]  8000 bytes
stack at sp + 1 slots: 0x00000001746fd7a0 is pointing into the stack for thread: 0x00000175accdb410
stack at sp + 2 slots: 0x00000008006dd3f2 is pointing into metadata
stack at sp + 3 slots: 0x00000001746fd808 is pointing into the stack for thread: 0x00000175accdb410
stack at sp + 4 slots: 0x00000008000c4a00 is pointing into metadata
stack at sp + 5 slots: 0x0000000087811878 is an oop: java.lang.ref.WeakReference 
{0x0000000087811878} - klass: 'java/lang/ref/WeakReference'
 - ---- fields (total size 4 words):
 - private 'referent' 'Ljava/lang/Object;' @12  a 'java/lang/Class'{0x0000000085c55d90} = 'org/springframework/web/method/support/InvocableHandlerMethod' (85c55d90)
 - volatile 'queue' 'Ljava/lang/ref/ReferenceQueue;' @16  a 'java/lang/ref/ReferenceQueue$Null'{0x0000000084a18a20} (84a18a20)
 - volatile 'next' 'Ljava/lang/ref/Reference;' @20  NULL (0)
 - private transient 'discovered' 'Ljava/lang/ref/Reference;' @24  NULL (0)
stack at sp + 6 slots: 0x0000000084a1be08 is an oop: java.lang.Class 
{0x0000000084a1be08} - klass: 'java/lang/Class'
 - ---- fields (total size 14 words):
 - private volatile transient 'classRedefinedCount' 'I' @12  0
 - abstract internal 'klass' 'J' @16  34360542752 (c4620 8)
 - abstract internal 'array_klass' 'J' @24  0 (0 0)
 - abstract internal 'oop_size' 'I' @32  14 (e)
 - abstract internal 'static_oop_field_count' 'I' @36  0
 - private volatile transient 'cachedConstructor' 'Ljava/lang/reflect/Constructor;' @40  NULL (0)
 - private transient 'name' 'Ljava/lang/String;' @44  NULL (0)
 - private transient 'module' 'Ljava/lang/Module;' @48  a 'java/lang/Module'{0x0000000084a5a300} (84a5a300)
 - private final 'classLoader' 'Ljava/lang/ClassLoader;' @52  NULL (0)
 - private transient 'classData' 'Ljava/lang/Object;' @56  NULL (0)
 - private transient 'packageName' 'Ljava/lang/String;' @60  NULL (0)
 - private final 'componentType' 'Ljava/lang/Class;' @64  NULL (0)
 - private volatile transient 'reflectionData' 'Ljava/lang/ref/SoftReference;' @68  NULL (0)
 - private volatile transient 'genericInfo' 'Lsun/reflect/generics/repository/ClassRepository;' @72  NULL (0)
 - private volatile transient 'enumConstants' '[Ljava/lang/Object;' @76  NULL (0)
 - private volatile transient 'enumConstantDirectory' 'Ljava/util/Map;' @80  NULL (0)
 - private volatile transient 'annotationData' 'Ljava/lang/Class$AnnotationData;' @84  NULL (0)
 - private volatile transient 'annotationType' 'Lsun/reflect/annotation/AnnotationType;' @88  NULL (0)
 - transient 'classValueMap' 'Ljava/lang/ClassValue$ClassValueMap;' @92  NULL (0)
 - abstract internal 'protection_domain' 'Ljava/lang/Object;' @96  NULL (0)
 - abstract internal 'signers_name' 'Ljava/lang/Object;' @100  NULL (0)
 - abstract internal 'source_file' 'Ljava/lang/Object;' @104  NULL (0)
 - signature: Ljava/lang/invoke/DirectMethodHandle$Holder;
 - ---- static fields (0):
stack at sp + 7 slots: {method} {0x00000008000c72e0} 'invokeVirtual' '(Ljava/lang/Object;Ljava/lang/Object;)Ljava/lang/Object;' in 'java/lang/invoke/DirectMethodHandle$Holder'

MethodHandle::interpreter_entry::_linkToVirtual [0x000001759cc368d7, 0x000001759cc3692a] (83 bytes)
[MachCode]
  0x000001759cc368d7: 660f 1f84 | 0000 0000 | 0048 8b53 | 080f b752 | 2c48 8b0c | d458 5b50 | 448b 5108 | 49bb 0000 
  0x000001759cc368f7: 0000 0800 | 0000 4d03 | d34c 8b5b | 104b 8b9c | dab8 0100 | 0048 85db | 0f84 1000 | 0000 4180 
  0x000001759cc36917: bf80 0400 | 0000 7403 | ff63 38ff | 6350 e956 | 
[/MachCode]

---------------  P R O C E S S  ---------------

Threads class SMR info:
_java_thread_list=0x00000175ae6ea6d0, length=42, elements={
0x00000175a70f8e60, 0x00000175a70f9fa0, 0x00000175a7113650, 0x00000175a7113ff0,
0x00000175a7115740, 0x00000175a711d4d0, 0x00000175a7126470, 0x00000175a7126e50,
0x00000175a711ae50, 0x00000175ab4ee050, 0x00000175ab4f2f00, 0x00000175ab4f45e0,
0x00000175a711b320, 0x00000175a711bcc0, 0x00000175a711b7f0, 0x00000175a711c190,
0x00000175a711a4b0, 0x00000175a711d000, 0x00000175a7119b10, 0x00000175a711a980,
0x00000175accdc280, 0x00000175accd9260, 0x00000175accddf60, 0x00000175accde430,
0x00000175accd7580, 0x00000175accdd5c0, 0x00000175accdc750, 0x00000175accd7a50,
0x00000175accd9c00, 0x00000175accdb410, 0x00000175accda0d0, 0x00000175accd83f0,
0x00000175accdb8e0, 0x00000175accd7f20, 0x00000175accdcc20, 0x00000175accda5a0,
0x00000175accdaa70, 0x00000175accdaf40, 0x00000175accdbdb0, 0x00000175accd8d90,
0x00000175accdd0f0, 0x00000175ae526530
}

Java Threads: ( => current thread )
  0x00000175a70f8e60 JavaThread "Reference Handler" daemon [_thread_blocked, id=8240, stack(0x0000000171900000,0x0000000171a00000)]
  0x00000175a70f9fa0 JavaThread "Finalizer" daemon [_thread_blocked, id=35116, stack(0x0000000171a00000,0x0000000171b00000)]
  0x00000175a7113650 JavaThread "Signal Dispatcher" daemon [_thread_blocked, id=5784, stack(0x0000000171b00000,0x0000000171c00000)]
  0x00000175a7113ff0 JavaThread "Attach Listener" daemon [_thread_blocked, id=36892, stack(0x0000000171c00000,0x0000000171d00000)]
  0x00000175a7115740 JavaThread "Service Thread" daemon [_thread_blocked, id=18272, stack(0x0000000171d00000,0x0000000171e00000)]
  0x00000175a711d4d0 JavaThread "Monitor Deflation Thread" daemon [_thread_blocked, id=28196, stack(0x0000000171e00000,0x0000000171f00000)]
  0x00000175a7126470 JavaThread "C1 CompilerThread0" daemon [_thread_blocked, id=38648, stack(0x0000000171f00000,0x0000000172000000)]
  0x00000175a7126e50 JavaThread "Sweeper thread" daemon [_thread_blocked, id=40336, stack(0x0000000172000000,0x0000000172100000)]
  0x00000175a711ae50 JavaThread "Common-Cleaner" daemon [_thread_blocked, id=21572, stack(0x0000000172100000,0x0000000172200000)]
  0x00000175ab4ee050 JavaThread "JDWP Transport Listener: dt_socket" daemon [_thread_blocked, id=34752, stack(0x0000000172400000,0x0000000172500000)]
  0x00000175ab4f2f00 JavaThread "JDWP Event Helper Thread" daemon [_thread_blocked, id=43968, stack(0x0000000172500000,0x0000000172600000)]
  0x00000175ab4f45e0 JavaThread "JDWP Command Reader" daemon [_thread_in_native, id=5068, stack(0x0000000172600000,0x0000000172700000)]
  0x00000175a711b320 JavaThread "Notification Thread" daemon [_thread_blocked, id=34688, stack(0x0000000172800000,0x0000000172900000)]
  0x00000175a711bcc0 JavaThread "RMI TCP Accept-0" daemon [_thread_in_native, id=31708, stack(0x0000000172900000,0x0000000172a00000)]
  0x00000175a711b7f0 JavaThread "RMI TCP Accept-58854" daemon [_thread_in_native, id=31960, stack(0x0000000172a00000,0x0000000172b00000)]
  0x00000175a711c190 JavaThread "RMI TCP Accept-0" daemon [_thread_in_native, id=46460, stack(0x0000000172b00000,0x0000000172c00000)]
  0x00000175a711a4b0 JavaThread "Catalina-utility-1" [_thread_blocked, id=21740, stack(0x0000000173700000,0x0000000173800000)]
  0x00000175a711d000 JavaThread "Catalina-utility-2" [_thread_blocked, id=40888, stack(0x0000000173800000,0x0000000173900000)]
  0x00000175a7119b10 JavaThread "container-0" [_thread_blocked, id=26068, stack(0x0000000173900000,0x0000000173a00000)]
  0x00000175a711a980 JavaThread "mysql-cj-abandoned-connection-cleanup" daemon [_thread_blocked, id=18716, stack(0x0000000173a00000,0x0000000173b00000)]
  0x00000175accdc280 JavaThread "HikariPool-1 housekeeper" daemon [_thread_blocked, id=41600, stack(0x0000000173c00000,0x0000000173d00000)]
  0x00000175accd9260 JavaThread "spring.cloud.inetutils" daemon [_thread_blocked, id=28040, stack(0x0000000173e00000,0x0000000173f00000)]
  0x00000175accddf60 JavaThread "AsyncResolver-bootstrap-0" daemon [_thread_blocked, id=48092, stack(0x0000000173f00000,0x0000000174000000)]
  0x00000175accde430 JavaThread "DiscoveryClient-0" daemon [_thread_blocked, id=17304, stack(0x0000000174000000,0x0000000174100000)]
  0x00000175accd7580 JavaThread "DiscoveryClient-1" daemon [_thread_blocked, id=27072, stack(0x0000000174100000,0x0000000174200000)]
  0x00000175accdd5c0 JavaThread "DiscoveryClient-InstanceInfoReplicator-0" daemon [_thread_blocked, id=36252, stack(0x0000000174200000,0x0000000174300000)]
  0x00000175accdc750 JavaThread "http-nio-8083-exec-1" daemon [_thread_blocked, id=45160, stack(0x0000000174300000,0x0000000174400000)]
  0x00000175accd7a50 JavaThread "http-nio-8083-exec-2" daemon [_thread_blocked, id=36128, stack(0x0000000174400000,0x0000000174500000)]
  0x00000175accd9c00 JavaThread "http-nio-8083-exec-3" daemon [_thread_in_Java, id=45476, stack(0x0000000174500000,0x0000000174600000)]
=>0x00000175accdb410 JavaThread "http-nio-8083-exec-4" daemon [_thread_in_Java, id=47388, stack(0x0000000174600000,0x0000000174700000)]
  0x00000175accda0d0 JavaThread "http-nio-8083-exec-5" daemon [_thread_blocked, id=44092, stack(0x0000000174700000,0x0000000174800000)]
  0x00000175accd83f0 JavaThread "http-nio-8083-exec-6" daemon [_thread_blocked, id=40160, stack(0x0000000174800000,0x0000000174900000)]
  0x00000175accdb8e0 JavaThread "http-nio-8083-exec-7" daemon [_thread_blocked, id=42488, stack(0x0000000174900000,0x0000000174a00000)]
  0x00000175accd7f20 JavaThread "http-nio-8083-exec-8" daemon [_thread_blocked, id=1900, stack(0x0000000174a00000,0x0000000174b00000)]
  0x00000175accdcc20 JavaThread "http-nio-8083-exec-9" daemon [_thread_blocked, id=2444, stack(0x0000000174b00000,0x0000000174c00000)]
  0x00000175accda5a0 JavaThread "http-nio-8083-exec-10" daemon [_thread_blocked, id=33484, stack(0x0000000174c00000,0x0000000174d00000)]
  0x00000175accdaa70 JavaThread "http-nio-8083-Poller" daemon [_thread_in_native, id=39824, stack(0x0000000174d00000,0x0000000174e00000)]
  0x00000175accdaf40 JavaThread "http-nio-8083-Acceptor" daemon [_thread_in_native, id=16672, stack(0x0000000174e00000,0x0000000174f00000)]
  0x00000175accdbdb0 JavaThread "DestroyJavaVM" [_thread_blocked, id=25880, stack(0x0000000171200000,0x0000000171300000)]
  0x00000175accd8d90 JavaThread "DiscoveryClient-CacheRefreshExecutor-0" daemon [_thread_blocked, id=40840, stack(0x0000000172700000,0x0000000172800000)]
  0x00000175accdd0f0 JavaThread "DiscoveryClient-HeartbeatExecutor-0" daemon [_thread_blocked, id=26744, stack(0x0000000173d00000,0x0000000173e00000)]
  0x00000175ae526530 JavaThread "AsyncResolver-bootstrap-executor-0" daemon [_thread_blocked, id=41508, stack(0x0000000171000000,0x0000000171100000)]

Other Threads:
  0x00000175a70f3460 VMThread "VM Thread" [stack: 0x0000000171800000,0x0000000171900000] [id=27496]
  0x00000175952cd560 WatcherThread "VM Periodic Task Thread" [stack: 0x0000000172c00000,0x0000000172d00000] [id=14900]
  0x000001759532b8c0 WorkerThread "GC Thread#0" [stack: 0x0000000171300000,0x0000000171400000] [id=45276]
  0x00000175abfb1240 WorkerThread "GC Thread#1" [stack: 0x0000000172d00000,0x0000000172e00000] [id=15456]
  0x00000175ac036080 WorkerThread "GC Thread#2" [stack: 0x0000000172e00000,0x0000000172f00000] [id=22428]
  0x00000175ac036320 WorkerThread "GC Thread#3" [stack: 0x0000000172f00000,0x0000000173000000] [id=28860]
  0x00000175ac0365c0 WorkerThread "GC Thread#4" [stack: 0x0000000173000000,0x0000000173100000] [id=46548]
  0x00000175ac036860 WorkerThread "GC Thread#5" [stack: 0x0000000173100000,0x0000000173200000] [id=24424]
  0x00000175ac036b00 WorkerThread "GC Thread#6" [stack: 0x0000000173200000,0x0000000173300000] [id=45292]
  0x00000175ac038db0 WorkerThread "GC Thread#7" [stack: 0x0000000173300000,0x0000000173400000] [id=27196]
  0x000001759533c750 ConcurrentGCThread "G1 Main Marker" [stack: 0x0000000171400000,0x0000000171500000] [id=40816]
  0x000001759533d140 WorkerThread "G1 Conc#0" [stack: 0x0000000171500000,0x0000000171600000] [id=28872]
  0x00000175acfcd970 WorkerThread "G1 Conc#1" [stack: 0x0000000173600000,0x0000000173700000] [id=27708]
  0x00000175a6fad150 ConcurrentGCThread "G1 Refine#0" [stack: 0x0000000171600000,0x0000000171700000] [id=45804]
  0x00000175ac0076e0 ConcurrentGCThread "G1 Refine#1" [stack: 0x0000000173400000,0x0000000173500000] [id=41192]
  0x00000175abe31110 ConcurrentGCThread "G1 Refine#2" [stack: 0x0000000173500000,0x0000000173600000] [id=46408]
  0x00000175a6fad970 ConcurrentGCThread "G1 Service" [stack: 0x0000000171700000,0x0000000171800000] [id=47872]

Threads with active compile tasks:

VM state: not at safepoint (normal execution)

VM Mutex/Monitor currently owned by a thread: None

OutOfMemory and StackOverflow Exception counts:
StackOverflowErrors=21
LinkageErrors=162

Heap address: 0x0000000084200000, size: 1982 MB, Compressed Oops mode: 32-bit

CDS archive(s) mapped at: [0x0000000800000000-0x0000000800ba0000-0x0000000800ba0000), size 12189696, SharedBaseAddress: 0x0000000800000000, ArchiveRelocationMode: 0.
Compressed class space mapped at: 0x0000000800c00000-0x0000000840c00000, reserved size: 1073741824
Narrow klass base: 0x0000000800000000, Narrow klass shift: 0, Narrow klass range: 0x100000000

GC Precious Log:
 CardTable entry size: 512
 Card Set container configuration: InlinePtr #cards 5 size 8 Array Of Cards #cards 12 size 40 Howl #buckets 4 coarsen threshold 1843 Howl Bitmap #cards 512 size 80 coarsen threshold 460 Card regions per heap region 1 cards per card region 2048
 CPUs: 8 total, 8 available
 Memory: 7926M
 Large Page Support: Disabled
 NUMA Support: Disabled
 Compressed Oops: Enabled (32-bit)
 Heap Region Size: 1M
 Heap Min Capacity: 8M
 Heap Initial Capacity: 124M
 Heap Max Capacity: 1982M
 Pre-touch: Disabled
 Parallel Workers: 8
 Concurrent Workers: 2
 Concurrent Refinement Workers: 8
 Periodic GC: Disabled

Heap:
 garbage-first heap   total 114688K, used 88972K [0x0000000084200000, 0x0000000100000000)
  region size 1024K, 57 young (58368K), 5 survivors (5120K)
 Metaspace       used 74891K, committed 75648K, reserved 1114112K
  class space    used 10487K, committed 10816K, reserved 1048576K

Heap Regions: E=young(eden), S=young(survivor), O=old, HS=humongous(starts), HC=humongous(continues), CS=collection set, F=free, OA=open archive, CA=closed archive, TAMS=top-at-mark-start (previous, next)
|   0|0x0000000084200000, 0x0000000084300000, 0x0000000084300000|100%|HS|  |TAMS 0x0000000084300000, 0x0000000084200000| Complete 
|   1|0x0000000084300000, 0x0000000084400000, 0x0000000084400000|100%|HS|  |TAMS 0x0000000084400000, 0x0000000084300000| Complete 
|   2|0x0000000084400000, 0x0000000084500000, 0x0000000084500000|100%| O|  |TAMS 0x0000000084500000, 0x0000000084400000| Untracked 
|   3|0x0000000084500000, 0x0000000084600000, 0x0000000084600000|100%| O|  |TAMS 0x0000000084600000, 0x0000000084500000| Untracked 
|   4|0x0000000084600000, 0x0000000084700000, 0x0000000084700000|100%| O|  |TAMS 0x0000000084700000, 0x0000000084600000| Untracked 
|   5|0x0000000084700000, 0x0000000084800000, 0x0000000084800000|100%| O|  |TAMS 0x0000000084800000, 0x0000000084700000| Untracked 
|   6|0x0000000084800000, 0x0000000084900000, 0x0000000084900000|100%| O|  |TAMS 0x0000000084900000, 0x0000000084800000| Untracked 
|   7|0x0000000084900000, 0x0000000084a00000, 0x0000000084a00000|100%| O|  |TAMS 0x0000000084a00000, 0x0000000084900000| Untracked 
|   8|0x0000000084a00000, 0x0000000084b00000, 0x0000000084b00000|100%| O|  |TAMS 0x0000000084b00000, 0x0000000084a00000| Untracked 
|   9|0x0000000084b00000, 0x0000000084c00000, 0x0000000084c00000|100%| O|  |TAMS 0x0000000084c00000, 0x0000000084b00000| Untracked 
|  10|0x0000000084c00000, 0x0000000084d00000, 0x0000000084d00000|100%| O|  |TAMS 0x0000000084d00000, 0x0000000084c00000| Untracked 
|  11|0x0000000084d00000, 0x0000000084e00000, 0x0000000084e00000|100%| O|  |TAMS 0x0000000084e00000, 0x0000000084d00000| Untracked 
|  12|0x0000000084e00000, 0x0000000084f00000, 0x0000000084f00000|100%| O|  |TAMS 0x0000000084f00000, 0x0000000084e00000| Untracked 
|  13|0x0000000084f00000, 0x0000000085000000, 0x0000000085000000|100%| O|  |TAMS 0x0000000085000000, 0x0000000084f00000| Untracked 
|  14|0x0000000085000000, 0x0000000085100000, 0x0000000085100000|100%| O|  |TAMS 0x0000000085100000, 0x0000000085000000| Untracked 
|  15|0x0000000085100000, 0x0000000085200000, 0x0000000085200000|100%| O|  |TAMS 0x0000000085200000, 0x0000000085100000| Untracked 
|  16|0x0000000085200000, 0x0000000085300000, 0x0000000085300000|100%| O|  |TAMS 0x0000000085300000, 0x0000000085200000| Untracked 
|  17|0x0000000085300000, 0x0000000085400000, 0x0000000085400000|100%| O|  |TAMS 0x0000000085400000, 0x0000000085300000| Untracked 
|  18|0x0000000085400000, 0x0000000085500000, 0x0000000085500000|100%| O|  |TAMS 0x0000000085500000, 0x0000000085400000| Untracked 
|  19|0x0000000085500000, 0x0000000085600000, 0x0000000085600000|100%| O|  |TAMS 0x0000000085600000, 0x0000000085500000| Untracked 
|  20|0x0000000085600000, 0x0000000085700000, 0x0000000085700000|100%| O|  |TAMS 0x0000000085700000, 0x0000000085600000| Untracked 
|  21|0x0000000085700000, 0x0000000085800000, 0x0000000085800000|100%| O|  |TAMS 0x00000000857c6600, 0x0000000085700000| Untracked 
|  22|0x0000000085800000, 0x0000000085900000, 0x0000000085900000|100%| O|  |TAMS 0x0000000085800000, 0x0000000085800000| Untracked 
|  23|0x0000000085900000, 0x0000000085a00000, 0x0000000085a00000|100%| O|  |TAMS 0x0000000085900000, 0x0000000085900000| Untracked 
|  24|0x0000000085a00000, 0x0000000085b00000, 0x0000000085b00000|100%| O|  |TAMS 0x0000000085a00000, 0x0000000085a00000| Untracked 
|  25|0x0000000085b00000, 0x0000000085c00000, 0x0000000085c00000|100%| O|  |TAMS 0x0000000085b00000, 0x0000000085b00000| Untracked 
|  26|0x0000000085c00000, 0x0000000085d00000, 0x0000000085d00000|100%| O|  |TAMS 0x0000000085c00000, 0x0000000085c00000| Untracked 
|  27|0x0000000085d00000, 0x0000000085e00000, 0x0000000085e00000|100%| O|  |TAMS 0x0000000085d00000, 0x0000000085d00000| Untracked 
|  28|0x0000000085e00000, 0x0000000085f00000, 0x0000000085f00000|100%| O|  |TAMS 0x0000000085e00000, 0x0000000085e00000| Untracked 
|  29|0x0000000085f00000, 0x0000000086000000, 0x0000000086000000|100%| O|  |TAMS 0x0000000085f00000, 0x0000000085f00000| Untracked 
|  30|0x0000000086000000, 0x0000000086100000, 0x0000000086100000|100%| O|  |TAMS 0x0000000086000000, 0x0000000086000000| Untracked 
|  31|0x0000000086100000, 0x0000000086121800, 0x0000000086200000| 13%| O|  |TAMS 0x0000000086100000, 0x0000000086100000| Untracked 
|  32|0x0000000086200000, 0x0000000086200000, 0x0000000086300000|  0%| F|  |TAMS 0x0000000086200000, 0x0000000086200000| Untracked 
|  33|0x0000000086300000, 0x0000000086300000, 0x0000000086400000|  0%| F|  |TAMS 0x0000000086300000, 0x0000000086300000| Untracked 
|  34|0x0000000086400000, 0x0000000086400000, 0x0000000086500000|  0%| F|  |TAMS 0x0000000086400000, 0x0000000086400000| Untracked 
|  35|0x0000000086500000, 0x0000000086500000, 0x0000000086600000|  0%| F|  |TAMS 0x0000000086500000, 0x0000000086500000| Untracked 
|  36|0x0000000086600000, 0x0000000086600000, 0x0000000086700000|  0%| F|  |TAMS 0x0000000086600000, 0x0000000086600000| Untracked 
|  37|0x0000000086700000, 0x0000000086700000, 0x0000000086800000|  0%| F|  |TAMS 0x0000000086700000, 0x0000000086700000| Untracked 
|  38|0x0000000086800000, 0x0000000086800000, 0x0000000086900000|  0%| F|  |TAMS 0x0000000086800000, 0x0000000086800000| Untracked 
|  39|0x0000000086900000, 0x0000000086900000, 0x0000000086a00000|  0%| F|  |TAMS 0x0000000086900000, 0x0000000086900000| Untracked 
|  40|0x0000000086a00000, 0x0000000086a00000, 0x0000000086b00000|  0%| F|  |TAMS 0x0000000086a00000, 0x0000000086a00000| Untracked 
|  41|0x0000000086b00000, 0x0000000086b00000, 0x0000000086c00000|  0%| F|  |TAMS 0x0000000086b00000, 0x0000000086b00000| Untracked 
|  42|0x0000000086c00000, 0x0000000086c00000, 0x0000000086d00000|  0%| F|  |TAMS 0x0000000086c00000, 0x0000000086c00000| Untracked 
|  43|0x0000000086d00000, 0x0000000086d00000, 0x0000000086e00000|  0%| F|  |TAMS 0x0000000086d00000, 0x0000000086d00000| Untracked 
|  44|0x0000000086e00000, 0x0000000086e00000, 0x0000000086f00000|  0%| F|  |TAMS 0x0000000086e00000, 0x0000000086e00000| Untracked 
|  45|0x0000000086f00000, 0x0000000086f00000, 0x0000000087000000|  0%| F|  |TAMS 0x0000000086f00000, 0x0000000086f00000| Untracked 
|  46|0x0000000087000000, 0x0000000087000000, 0x0000000087100000|  0%| F|  |TAMS 0x0000000087000000, 0x0000000087000000| Untracked 
|  47|0x0000000087100000, 0x0000000087100000, 0x0000000087200000|  0%| F|  |TAMS 0x0000000087100000, 0x0000000087100000| Untracked 
|  48|0x0000000087200000, 0x0000000087200000, 0x0000000087300000|  0%| F|  |TAMS 0x0000000087200000, 0x0000000087200000| Untracked 
|  49|0x0000000087300000, 0x0000000087300000, 0x0000000087400000|  0%| F|  |TAMS 0x0000000087300000, 0x0000000087300000| Untracked 
|  50|0x0000000087400000, 0x00000000874c1850, 0x0000000087500000| 75%| S|CS|TAMS 0x0000000087400000, 0x0000000087400000| Complete 
|  51|0x0000000087500000, 0x0000000087600000, 0x0000000087600000|100%| S|CS|TAMS 0x0000000087500000, 0x0000000087500000| Complete 
|  52|0x0000000087600000, 0x0000000087700000, 0x0000000087700000|100%| S|CS|TAMS 0x0000000087600000, 0x0000000087600000| Complete 
|  53|0x0000000087700000, 0x0000000087800000, 0x0000000087800000|100%| S|CS|TAMS 0x0000000087700000, 0x0000000087700000| Complete 
|  54|0x0000000087800000, 0x0000000087900000, 0x0000000087900000|100%| S|CS|TAMS 0x0000000087800000, 0x0000000087800000| Complete 
|  55|0x0000000087900000, 0x0000000087900000, 0x0000000087a00000|  0%| F|  |TAMS 0x0000000087900000, 0x0000000087900000| Untracked 
|  56|0x0000000087a00000, 0x0000000087a00000, 0x0000000087b00000|  0%| F|  |TAMS 0x0000000087a00000, 0x0000000087a00000| Untracked 
|  57|0x0000000087b00000, 0x0000000087b00000, 0x0000000087c00000|  0%| F|  |TAMS 0x0000000087b00000, 0x0000000087b00000| Untracked 
|  58|0x0000000087c00000, 0x0000000087c00000, 0x0000000087d00000|  0%| F|  |TAMS 0x0000000087c00000, 0x0000000087c00000| Untracked 
|  59|0x0000000087d00000, 0x0000000087de1de0, 0x0000000087e00000| 88%| E|  |TAMS 0x0000000087d00000, 0x0000000087d00000| Complete 
|  60|0x0000000087e00000, 0x0000000087f00000, 0x0000000087f00000|100%| E|CS|TAMS 0x0000000087e00000, 0x0000000087e00000| Complete 
|  61|0x0000000087f00000, 0x0000000088000000, 0x0000000088000000|100%| E|CS|TAMS 0x0000000087f00000, 0x0000000087f00000| Complete 
|  62|0x0000000088000000, 0x0000000088100000, 0x0000000088100000|100%| E|CS|TAMS 0x0000000088000000, 0x0000000088000000| Complete 
|  63|0x0000000088100000, 0x0000000088200000, 0x0000000088200000|100%| E|CS|TAMS 0x0000000088100000, 0x0000000088100000| Complete 
|  64|0x0000000088200000, 0x0000000088300000, 0x0000000088300000|100%| E|  |TAMS 0x0000000088200000, 0x0000000088200000| Complete 
|  65|0x0000000088300000, 0x0000000088400000, 0x0000000088400000|100%| E|CS|TAMS 0x0000000088300000, 0x0000000088300000| Complete 
|  66|0x0000000088400000, 0x0000000088500000, 0x0000000088500000|100%| E|CS|TAMS 0x0000000088400000, 0x0000000088400000| Complete 
|  67|0x0000000088500000, 0x0000000088600000, 0x0000000088600000|100%| E|CS|TAMS 0x0000000088500000, 0x0000000088500000| Complete 
|  68|0x0000000088600000, 0x0000000088700000, 0x0000000088700000|100%| E|CS|TAMS 0x0000000088600000, 0x0000000088600000| Complete 
|  69|0x0000000088700000, 0x0000000088800000, 0x0000000088800000|100%| E|CS|TAMS 0x0000000088700000, 0x0000000088700000| Complete 
|  70|0x0000000088800000, 0x0000000088900000, 0x0000000088900000|100%| E|CS|TAMS 0x0000000088800000, 0x0000000088800000| Complete 
|  71|0x0000000088900000, 0x0000000088a00000, 0x0000000088a00000|100%| E|CS|TAMS 0x0000000088900000, 0x0000000088900000| Complete 
|  72|0x0000000088a00000, 0x0000000088b00000, 0x0000000088b00000|100%| E|CS|TAMS 0x0000000088a00000, 0x0000000088a00000| Complete 
|  73|0x0000000088b00000, 0x0000000088c00000, 0x0000000088c00000|100%| E|CS|TAMS 0x0000000088b00000, 0x0000000088b00000| Complete 
|  74|0x0000000088c00000, 0x0000000088d00000, 0x0000000088d00000|100%| E|CS|TAMS 0x0000000088c00000, 0x0000000088c00000| Complete 
|  75|0x0000000088d00000, 0x0000000088e00000, 0x0000000088e00000|100%| E|CS|TAMS 0x0000000088d00000, 0x0000000088d00000| Complete 
|  76|0x0000000088e00000, 0x0000000088f00000, 0x0000000088f00000|100%| E|CS|TAMS 0x0000000088e00000, 0x0000000088e00000| Complete 
|  77|0x0000000088f00000, 0x0000000089000000, 0x0000000089000000|100%| E|CS|TAMS 0x0000000088f00000, 0x0000000088f00000| Complete 
|  78|0x0000000089000000, 0x0000000089100000, 0x0000000089100000|100%| E|CS|TAMS 0x0000000089000000, 0x0000000089000000| Complete 
|  79|0x0000000089100000, 0x0000000089200000, 0x0000000089200000|100%| E|CS|TAMS 0x0000000089100000, 0x0000000089100000| Complete 
|  80|0x0000000089200000, 0x0000000089300000, 0x0000000089300000|100%| E|CS|TAMS 0x0000000089200000, 0x0000000089200000| Complete 
|  81|0x0000000089300000, 0x0000000089400000, 0x0000000089400000|100%| E|CS|TAMS 0x0000000089300000, 0x0000000089300000| Complete 
|  82|0x0000000089400000, 0x0000000089500000, 0x0000000089500000|100%| E|CS|TAMS 0x0000000089400000, 0x0000000089400000| Complete 
|  83|0x0000000089500000, 0x0000000089600000, 0x0000000089600000|100%| E|CS|TAMS 0x0000000089500000, 0x0000000089500000| Complete 
|  84|0x0000000089600000, 0x0000000089700000, 0x0000000089700000|100%| E|CS|TAMS 0x0000000089600000, 0x0000000089600000| Complete 
|  85|0x0000000089700000, 0x0000000089800000, 0x0000000089800000|100%| E|CS|TAMS 0x0000000089700000, 0x0000000089700000| Complete 
|  86|0x0000000089800000, 0x0000000089900000, 0x0000000089900000|100%| E|CS|TAMS 0x0000000089800000, 0x0000000089800000| Complete 
|  87|0x0000000089900000, 0x0000000089a00000, 0x0000000089a00000|100%| E|CS|TAMS 0x0000000089900000, 0x0000000089900000| Complete 
|  88|0x0000000089a00000, 0x0000000089b00000, 0x0000000089b00000|100%| E|CS|TAMS 0x0000000089a00000, 0x0000000089a00000| Complete 
|  89|0x0000000089b00000, 0x0000000089c00000, 0x0000000089c00000|100%| E|CS|TAMS 0x0000000089b00000, 0x0000000089b00000| Complete 
|  90|0x0000000089c00000, 0x0000000089d00000, 0x0000000089d00000|100%| E|CS|TAMS 0x0000000089c00000, 0x0000000089c00000| Complete 
|  91|0x0000000089d00000, 0x0000000089e00000, 0x0000000089e00000|100%| E|CS|TAMS 0x0000000089d00000, 0x0000000089d00000| Complete 
|  92|0x0000000089e00000, 0x0000000089f00000, 0x0000000089f00000|100%| E|CS|TAMS 0x0000000089e00000, 0x0000000089e00000| Complete 
|  93|0x0000000089f00000, 0x000000008a000000, 0x000000008a000000|100%| E|CS|TAMS 0x0000000089f00000, 0x0000000089f00000| Complete 
|  94|0x000000008a000000, 0x000000008a100000, 0x000000008a100000|100%| E|CS|TAMS 0x000000008a000000, 0x000000008a000000| Complete 
|  95|0x000000008a100000, 0x000000008a200000, 0x000000008a200000|100%| E|CS|TAMS 0x000000008a100000, 0x000000008a100000| Complete 
|  96|0x000000008a200000, 0x000000008a300000, 0x000000008a300000|100%| E|CS|TAMS 0x000000008a200000, 0x000000008a200000| Complete 
|  97|0x000000008a300000, 0x000000008a400000, 0x000000008a400000|100%| E|CS|TAMS 0x000000008a300000, 0x000000008a300000| Complete 
|  98|0x000000008a400000, 0x000000008a500000, 0x000000008a500000|100%| E|CS|TAMS 0x000000008a400000, 0x000000008a400000| Complete 
|  99|0x000000008a500000, 0x000000008a600000, 0x000000008a600000|100%| E|CS|TAMS 0x000000008a500000, 0x000000008a500000| Complete 
| 100|0x000000008a600000, 0x000000008a700000, 0x000000008a700000|100%| E|CS|TAMS 0x000000008a600000, 0x000000008a600000| Complete 
| 101|0x000000008a700000, 0x000000008a800000, 0x000000008a800000|100%| E|CS|TAMS 0x000000008a700000, 0x000000008a700000| Complete 
| 102|0x000000008a800000, 0x000000008a900000, 0x000000008a900000|100%| E|CS|TAMS 0x000000008a800000, 0x000000008a800000| Complete 
| 103|0x000000008a900000, 0x000000008aa00000, 0x000000008aa00000|100%| E|CS|TAMS 0x000000008a900000, 0x000000008a900000| Complete 
| 104|0x000000008aa00000, 0x000000008ab00000, 0x000000008ab00000|100%| E|CS|TAMS 0x000000008aa00000, 0x000000008aa00000| Complete 
| 105|0x000000008ab00000, 0x000000008ac00000, 0x000000008ac00000|100%| E|CS|TAMS 0x000000008ab00000, 0x000000008ab00000| Complete 
| 106|0x000000008ac00000, 0x000000008ad00000, 0x000000008ad00000|100%| E|CS|TAMS 0x000000008ac00000, 0x000000008ac00000| Complete 
| 107|0x000000008ad00000, 0x000000008ae00000, 0x000000008ae00000|100%| E|CS|TAMS 0x000000008ad00000, 0x000000008ad00000| Complete 
| 108|0x000000008ae00000, 0x000000008af00000, 0x000000008af00000|100%| E|CS|TAMS 0x000000008ae00000, 0x000000008ae00000| Complete 
| 109|0x000000008af00000, 0x000000008b000000, 0x000000008b000000|100%| E|CS|TAMS 0x000000008af00000, 0x000000008af00000| Complete 
| 123|0x000000008bd00000, 0x000000008be00000, 0x000000008be00000|100%| E|CS|TAMS 0x000000008bd00000, 0x000000008bd00000| Complete 
|1981|0x00000000fff00000, 0x0000000100000000, 0x0000000100000000|100%| O|  |TAMS 0x0000000100000000, 0x00000000fff00000| Untracked 

Card table byte_map: [0x00000175a00d0000,0x00000175a04b0000] _byte_map_base: 0x000001759fcaf000

Marking Bits (Prev, Next): (CMBitMap*) 0x000001759532bf00, (CMBitMap*) 0x000001759532bec0
 Prev Bits: [0x00000175a2790000, 0x00000175a4688000)
 Next Bits: [0x00000175a0890000, 0x00000175a2788000)

Polling page: 0x0000017594a70000

Metaspace:

Usage:
  Non-class:     62.89 MB used.
      Class:     10.24 MB used.
       Both:     73.14 MB used.

Virtual space:
  Non-class space:       64.00 MB reserved,      63.31 MB ( 99%) committed,  1 nodes.
      Class space:        1.00 GB reserved,      10.56 MB (  1%) committed,  1 nodes.
             Both:        1.06 GB reserved,      73.88 MB (  7%) committed. 

Chunk freelists:
   Non-Class:  528.00 KB
       Class:  1.44 MB
        Both:  1.95 MB

MaxMetaspaceSize: unlimited
CompressedClassSpaceSize: 1.00 GB
Initial GC threshold: 21.00 MB
Current GC threshold: 98.75 MB
CDS: on
MetaspaceReclaimPolicy: balanced
 - commit_granule_bytes: 65536.
 - commit_granule_words: 8192.
 - virtual_space_node_default_size: 8388608.
 - enlarge_chunks_in_place: 1.
 - new_chunks_are_fully_committed: 0.
 - uncommit_free_chunks: 1.
 - use_allocation_guard: 0.


Internal statistics:

num_allocs_failed_limit: 9.
num_arena_births: 1144.
num_arena_deaths: 0.
num_vsnodes_births: 2.
num_vsnodes_deaths: 0.
num_space_committed: 1182.
num_space_uncommitted: 0.
num_chunks_returned_to_freelist: 9.
num_chunks_taken_from_freelist: 3664.
num_chunk_merges: 9.
num_chunk_splits: 2740.
num_chunks_enlarged: 2236.
num_inconsistent_stats: 0.

CodeCache: size=49152Kb used=14320Kb max_used=15563Kb free=34831Kb
 bounds [0x000001759cbe0000, 0x000001759db50000, 0x000001759fbe0000]
 total_blobs=8371 nmethods=7653 adapters=645
 compilation: enabled
              stopped_count=0, restarted_count=0
 full_count=0

Compilation events (20 events):
Event: 5941.436 Thread 0x00000175a7126470 7685       1       org.springframework.util.LinkedCaseInsensitiveMap::forEach (9 bytes)
Event: 5941.443 Thread 0x00000175a7126470 nmethod 7685 0x000001759cf22d10 code [0x000001759cf22ea0, 0x000001759cf22fa8]
Event: 5941.458 Thread 0x00000175a7126470 7686       1       java.lang.invoke.VarHandleReferences$FieldInstanceReadWrite::weakCompareAndSet (48 bytes)
Event: 5941.459 Thread 0x00000175a7126470 nmethod 7686 0x000001759cf22190 code [0x000001759cf223c0, 0x000001759cf22968]
Event: 5941.460 Thread 0x00000175a7126470 7687       1       org.springframework.http.HttpHeaders::isEmpty (10 bytes)
Event: 5941.464 Thread 0x00000175a7126470 nmethod 7687 0x000001759cf21e90 code [0x000001759cf22020, 0x000001759cf22128]
Event: 5941.464 Thread 0x00000175a7126470 7688       1       org.springframework.util.LinkedCaseInsensitiveMap::isEmpty (8 bytes)
Event: 5941.472 Thread 0x00000175a7126470 nmethod 7688 0x000001759cf21b10 code [0x000001759cf21ca0, 0x000001759cf21d98]
Event: 5941.473 Thread 0x00000175a7126470 7691       1       org.apache.hc.core5.http.io.EofSensorInputStream::isReadAllowed (30 bytes)
Event: 5941.479 Thread 0x00000175a7126470 nmethod 7691 0x000001759cf21710 code [0x000001759cf218c0, 0x000001759cf21a48]
Event: 5941.479 Thread 0x00000175a7126470 7692   !   1       org.apache.hc.core5.http.io.EofSensorInputStream::checkEOF (60 bytes)
Event: 5941.486 Thread 0x00000175a7126470 nmethod 7692 0x000001759cf20390 code [0x000001759cf20600, 0x000001759cf20ea8]
Event: 5941.486 Thread 0x00000175a7126470 7689       1       org.springframework.http.HttpHeaders::forEach (11 bytes)
Event: 5941.487 Thread 0x00000175a7126470 nmethod 7689 0x000001759cf20090 code [0x000001759cf20220, 0x000001759cf20328]
Event: 5941.487 Thread 0x00000175a7126470 7690       1       org.apache.hc.core5.util.Asserts::check (14 bytes)
Event: 5941.487 Thread 0x00000175a7126470 nmethod 7690 0x000001759cf1fc90 code [0x000001759cf1fe40, 0x000001759cf1ff88]
Event: 5941.488 Thread 0x00000175a7126470 7693       1       org.apache.hc.core5.pool.PoolEntry::hasConnection (16 bytes)
Event: 5941.488 Thread 0x00000175a7126470 nmethod 7693 0x000001759cf1f990 code [0x000001759cf1fb20, 0x000001759cf1fbf8]
Event: 5941.488 Thread 0x00000175a7126470 7694       1       java.util.concurrent.atomic.AtomicInteger::<init> (10 bytes)
Event: 5941.491 Thread 0x00000175a7126470 nmethod 7694 0x000001759cf1f690 code [0x000001759cf1f820, 0x000001759cf1f8f8]

GC Heap History (20 events):
Event: 7.014 GC heap before
{Heap before GC invocations=12 (full 0):
 garbage-first heap   total 78848K, used 62429K [0x0000000084200000, 0x0000000100000000)
  region size 1024K, 42 young (43008K), 3 survivors (3072K)
 Metaspace       used 39428K, committed 40000K, reserved 1114112K
  class space    used 5352K, committed 5632K, reserved 1048576K
}
Event: 7.018 GC heap after
{Heap after GC invocations=13 (full 0):
 garbage-first heap   total 78848K, used 23385K [0x0000000084200000, 0x0000000100000000)
  region size 1024K, 4 young (4096K), 4 survivors (4096K)
 Metaspace       used 39428K, committed 40000K, reserved 1114112K
  class space    used 5352K, committed 5632K, reserved 1048576K
}
Event: 7.855 GC heap before
{Heap before GC invocations=13 (full 0):
 garbage-first heap   total 78848K, used 63321K [0x0000000084200000, 0x0000000100000000)
  region size 1024K, 43 young (44032K), 4 survivors (4096K)
 Metaspace       used 45398K, committed 45952K, reserved 1114112K
  class space    used 6137K, committed 6400K, reserved 1048576K
}
Event: 7.861 GC heap after
{Heap after GC invocations=14 (full 0):
 garbage-first heap   total 78848K, used 25110K [0x0000000084200000, 0x0000000100000000)
  region size 1024K, 4 young (4096K), 4 survivors (4096K)
 Metaspace       used 45398K, committed 45952K, reserved 1114112K
  class space    used 6137K, committed 6400K, reserved 1048576K
}
Event: 8.187 GC heap before
{Heap before GC invocations=14 (full 0):
 garbage-first heap   total 78848K, used 61974K [0x0000000084200000, 0x0000000100000000)
  region size 1024K, 41 young (41984K), 4 survivors (4096K)
 Metaspace       used 48513K, committed 49024K, reserved 1114112K
  class space    used 6523K, committed 6784K, reserved 1048576K
}
Event: 8.191 GC heap after
{Heap after GC invocations=15 (full 0):
 garbage-first heap   total 78848K, used 26076K [0x0000000084200000, 0x0000000100000000)
  region size 1024K, 4 young (4096K), 4 survivors (4096K)
 Metaspace       used 48513K, committed 49024K, reserved 1114112K
  class space    used 6523K, committed 6784K, reserved 1048576K
}
Event: 8.514 GC heap before
{Heap before GC invocations=15 (full 0):
 garbage-first heap   total 78848K, used 63964K [0x0000000084200000, 0x0000000100000000)
  region size 1024K, 42 young (43008K), 4 survivors (4096K)
 Metaspace       used 53131K, committed 53632K, reserved 1114112K
  class space    used 7285K, committed 7552K, reserved 1048576K
}
Event: 8.519 GC heap after
{Heap after GC invocations=16 (full 0):
 garbage-first heap   total 95232K, used 26752K [0x0000000084200000, 0x0000000100000000)
  region size 1024K, 4 young (4096K), 4 survivors (4096K)
 Metaspace       used 53131K, committed 53632K, reserved 1114112K
  class space    used 7285K, committed 7552K, reserved 1048576K
}
Event: 8.955 GC heap before
{Heap before GC invocations=16 (full 0):
 garbage-first heap   total 95232K, used 77952K [0x0000000084200000, 0x0000000100000000)
  region size 1024K, 54 young (55296K), 4 survivors (4096K)
 Metaspace       used 57795K, committed 58432K, reserved 1114112K
  class space    used 8040K, committed 8320K, reserved 1048576K
}
Event: 8.960 GC heap after
{Heap after GC invocations=17 (full 0):
 garbage-first heap   total 95232K, used 27417K [0x0000000084200000, 0x0000000100000000)
  region size 1024K, 4 young (4096K), 4 survivors (4096K)
 Metaspace       used 57795K, committed 58432K, reserved 1114112K
  class space    used 8040K, committed 8320K, reserved 1048576K
}
Event: 9.425 GC heap before
{Heap before GC invocations=17 (full 0):
 garbage-first heap   total 95232K, used 48921K [0x0000000084200000, 0x0000000100000000)
  region size 1024K, 26 young (26624K), 4 survivors (4096K)
 Metaspace       used 59862K, committed 60480K, reserved 1114112K
  class space    used 8253K, committed 8576K, reserved 1048576K
}
Event: 9.430 GC heap after
{Heap after GC invocations=18 (full 0):
 garbage-first heap   total 95232K, used 28660K [0x0000000084200000, 0x0000000100000000)
  region size 1024K, 4 young (4096K), 4 survivors (4096K)
 Metaspace       used 59862K, committed 60480K, reserved 1114112K
  class space    used 8253K, committed 8576K, reserved 1048576K
}
Event: 9.897 GC heap before
{Heap before GC invocations=19 (full 0):
 garbage-first heap   total 95232K, used 78836K [0x0000000084200000, 0x0000000100000000)
  region size 1024K, 53 young (54272K), 4 survivors (4096K)
 Metaspace       used 62178K, committed 62848K, reserved 1114112K
  class space    used 8668K, committed 8960K, reserved 1048576K
}
Event: 9.902 GC heap after
{Heap after GC invocations=20 (full 0):
 garbage-first heap   total 95232K, used 30652K [0x0000000084200000, 0x0000000100000000)
  region size 1024K, 6 young (6144K), 6 survivors (6144K)
 Metaspace       used 62178K, committed 62848K, reserved 1114112K
  class space    used 8668K, committed 8960K, reserved 1048576K
}
Event: 10.578 GC heap before
{Heap before GC invocations=20 (full 0):
 garbage-first heap   total 95232K, used 77756K [0x0000000084200000, 0x0000000100000000)
  region size 1024K, 52 young (53248K), 6 survivors (6144K)
 Metaspace       used 64978K, committed 65664K, reserved 1114112K
  class space    used 9092K, committed 9408K, reserved 1048576K
}
Event: 10.585 GC heap after
{Heap after GC invocations=21 (full 0):
 garbage-first heap   total 95232K, used 33024K [0x0000000084200000, 0x0000000100000000)
  region size 1024K, 6 young (6144K), 6 survivors (6144K)
 Metaspace       used 64978K, committed 65664K, reserved 1114112K
  class space    used 9092K, committed 9408K, reserved 1048576K
}
Event: 11.076 GC heap before
{Heap before GC invocations=21 (full 0):
 garbage-first heap   total 95232K, used 77056K [0x0000000084200000, 0x0000000100000000)
  region size 1024K, 50 young (51200K), 6 survivors (6144K)
 Metaspace       used 68490K, committed 69248K, reserved 1114112K
  class space    used 9615K, committed 9984K, reserved 1048576K
}
Event: 11.084 GC heap after
{Heap after GC invocations=22 (full 0):
 garbage-first heap   total 114688K, used 36053K [0x0000000084200000, 0x0000000100000000)
  region size 1024K, 6 young (6144K), 6 survivors (6144K)
 Metaspace       used 68490K, committed 69248K, reserved 1114112K
  class space    used 9615K, committed 9984K, reserved 1048576K
}
Event: 109.617 GC heap before
{Heap before GC invocations=22 (full 0):
 garbage-first heap   total 114688K, used 92373K [0x0000000084200000, 0x0000000100000000)
  region size 1024K, 62 young (63488K), 6 survivors (6144K)
 Metaspace       used 74236K, committed 75008K, reserved 1114112K
  class space    used 10389K, committed 10752K, reserved 1048576K
}
Event: 109.626 GC heap after
{Heap after GC invocations=23 (full 0):
 garbage-first heap   total 114688K, used 37772K [0x0000000084200000, 0x0000000100000000)
  region size 1024K, 5 young (5120K), 5 survivors (5120K)
 Metaspace       used 74236K, committed 75008K, reserved 1114112K
  class space    used 10389K, committed 10752K, reserved 1048576K
}

Deoptimization events (20 events):
Event: 5941.574 Thread 0x00000175accdb410 DEOPT PACKING pc=0x000001759ce2ea84 sp=0x00000001746fc580
Event: 5941.574 Thread 0x00000175accdb410 DEOPT UNPACKING pc=0x000001759cc36763 sp=0x00000001746fb9f8 mode 1
Event: 5941.574 Thread 0x00000175accdb410 DEOPT PACKING pc=0x000001759ce2d98c sp=0x00000001746fc680
Event: 5941.574 Thread 0x00000175accdb410 DEOPT UNPACKING pc=0x000001759cc36763 sp=0x00000001746fbbb0 mode 1
Event: 5941.574 Thread 0x00000175accdb410 DEOPT PACKING pc=0x000001759ce2e09c sp=0x00000001746fc750
Event: 5941.574 Thread 0x00000175accdb410 DEOPT UNPACKING pc=0x000001759cc36763 sp=0x00000001746fbbe0 mode 1
Event: 5941.574 Thread 0x00000175accdb410 DEOPT PACKING pc=0x000001759ce2d09c sp=0x00000001746fc850
Event: 5941.574 Thread 0x00000175accdb410 DEOPT UNPACKING pc=0x000001759cc36763 sp=0x00000001746fbce0 mode 1
Event: 5941.574 Thread 0x00000175accdb410 DEOPT PACKING pc=0x000001759ce2ea84 sp=0x00000001746fc950
Event: 5941.574 Thread 0x00000175accdb410 DEOPT UNPACKING pc=0x000001759cc36763 sp=0x00000001746fbdc8 mode 1
Event: 5941.574 Thread 0x00000175accdb410 DEOPT PACKING pc=0x000001759ce2d98c sp=0x00000001746fca50
Event: 5941.574 Thread 0x00000175accdb410 DEOPT UNPACKING pc=0x000001759cc36763 sp=0x00000001746fbf80 mode 1
Event: 5941.574 Thread 0x00000175accdb410 DEOPT PACKING pc=0x000001759ce2e09c sp=0x00000001746fcb20
Event: 5941.574 Thread 0x00000175accdb410 DEOPT UNPACKING pc=0x000001759cc36763 sp=0x00000001746fbfb0 mode 1
Event: 5941.574 Thread 0x00000175accdb410 DEOPT PACKING pc=0x000001759ce2ea84 sp=0x00000001746fcc20
Event: 5941.574 Thread 0x00000175accdb410 DEOPT UNPACKING pc=0x000001759cc36763 sp=0x00000001746fc0a0 mode 1
Event: 5950.530 Thread 0x00000175accdb410 DEOPT PACKING pc=0x000001759cd67ea4 sp=0x00000001746fd7b0
Event: 5950.530 Thread 0x00000175accdb410 DEOPT UNPACKING pc=0x000001759cc36763 sp=0x00000001746fcc58 mode 0
Event: 5950.533 Thread 0x00000175accd9c00 DEOPT PACKING pc=0x000001759cd67ea4 sp=0x00000001745fd240
Event: 5950.533 Thread 0x00000175accd9c00 DEOPT UNPACKING pc=0x000001759cc36763 sp=0x00000001745fc6e8 mode 0

Classes loaded (20 events):
Event: 109.648 Loading class java/util/stream/DoubleStream
Event: 109.648 Loading class java/util/stream/DoubleStream done
Event: 109.703 Loading class java/lang/invoke/WrongMethodTypeException
Event: 109.704 Loading class java/lang/invoke/WrongMethodTypeException done
Event: 109.790 Loading class jdk/internal/loader/BootLoader$PackageHelper
Event: 109.791 Loading class jdk/internal/loader/BootLoader$PackageHelper done
Event: 2595.281 Loading class sun/security/ssl/Alert
Event: 2595.467 Loading class sun/security/ssl/Alert done
Event: 2595.505 Loading class sun/security/ssl/Alert$AlertConsumer
Event: 2595.559 Loading class sun/security/ssl/Alert$AlertConsumer done
Event: 2595.559 Loading class sun/security/ssl/Alert$Level
Event: 2595.572 Loading class sun/security/ssl/Alert$Level done
Event: 2595.595 Loading class sun/net/ConnectionResetException
Event: 2595.606 Loading class sun/net/ConnectionResetException done
Event: 2598.928 Loading class java/util/concurrent/locks/ReentrantReadWriteLock$Sync$HoldCounter
Event: 2598.948 Loading class java/util/concurrent/locks/ReentrantReadWriteLock$Sync$HoldCounter done
Event: 5458.351 Loading class java/net/BindException
Event: 5458.372 Loading class java/net/BindException done
Event: 5458.483 Loading class java/text/FieldPosition$Delegate
Event: 5458.520 Loading class java/text/FieldPosition$Delegate done

Classes unloaded (0 events):
No events

Classes redefined (1 events):
Event: 5951.046 Thread 0x00000175a70f3460 redefined class name=com.admin.controller.AdminController, count=1

Internal exceptions (20 events):
Event: 5457.835 Thread 0x00000175ae529ef0 Exception <a 'java/io/IOException'{0x000000008936e5d0}> (0x000000008936e5d0) 
thrown [s\open\src\hotspot\share\prims\jni.cpp, line 516]
Event: 5457.846 Thread 0x00000175ae529ef0 Exception <a 'java/io/IOException'{0x000000008936f458}> (0x000000008936f458) 
thrown [s\open\src\hotspot\share\prims\jni.cpp, line 516]
Event: 5464.529 Thread 0x00000175ae528210 Exception <a 'java/io/IOException'{0x0000000088ffbc40}> (0x0000000088ffbc40) 
thrown [s\open\src\hotspot\share\prims\jni.cpp, line 516]
Event: 5464.545 Thread 0x00000175ae528210 Exception <a 'java/io/IOException'{0x0000000088ffdac8}> (0x0000000088ffdac8) 
thrown [s\open\src\hotspot\share\prims\jni.cpp, line 516]
Event: 5464.546 Thread 0x00000175ae528210 Exception <a 'java/io/IOException'{0x0000000088ffe608}> (0x0000000088ffe608) 
thrown [s\open\src\hotspot\share\prims\jni.cpp, line 516]
Event: 5639.659 Thread 0x00000175accd7a50 StackOverflowError at 0x000001759cf94e40
Event: 5639.668 Thread 0x00000175accd7a50 Exception <a 'java/lang/StackOverflowError'{0x00000000886cb1f0}> (0x00000000886cb1f0) 
thrown [s\open\src\hotspot\share\runtime\sharedRuntime.cpp, line 625]
Event: 5639.673 Thread 0x00000175accd7a50 Exception <a 'java/lang/StackOverflowError'{0x00000000886d0748}> (0x00000000886d0748) 
thrown [s\open\src\hotspot\share\interpreter\interpreterRuntime.cpp, line 373]
Event: 5643.328 Thread 0x00000175accd83f0 StackOverflowError at 0x000001759cd664e0
Event: 5643.330 Thread 0x00000175accd83f0 Exception <a 'java/lang/StackOverflowError'{0x000000008834bf80}> (0x000000008834bf80) 
thrown [s\open\src\hotspot\share\runtime\sharedRuntime.cpp, line 625]
Event: 5781.072 Thread 0x00000175accdb410 StackOverflowError at 0x000001759cd01260
Event: 5781.075 Thread 0x00000175accdb410 Exception <a 'java/lang/StackOverflowError'{0x0000000088075358}> (0x0000000088075358) 
thrown [s\open\src\hotspot\share\runtime\sharedRuntime.cpp, line 625]
Event: 5785.977 Thread 0x00000175accdb410 StackOverflowError at 0x000001759cd01260
Event: 5785.981 Thread 0x00000175accdb410 Exception <a 'java/lang/StackOverflowError'{0x0000000087f03518}> (0x0000000087f03518) 
thrown [s\open\src\hotspot\share\runtime\sharedRuntime.cpp, line 625]
Event: 5791.553 Thread 0x00000175accdb410 StackOverflowError at 0x000001759cd01260
Event: 5791.555 Thread 0x00000175accdb410 Exception <a 'java/lang/StackOverflowError'{0x0000000087fc2888}> (0x0000000087fc2888) 
thrown [s\open\src\hotspot\share\runtime\sharedRuntime.cpp, line 625]
Event: 5795.593 Thread 0x00000175accdb410 StackOverflowError at 0x000001759cd01260
Event: 5795.596 Thread 0x00000175accdb410 Exception <a 'java/lang/StackOverflowError'{0x0000000087e50a00}> (0x0000000087e50a00) 
thrown [s\open\src\hotspot\share\runtime\sharedRuntime.cpp, line 625]
Event: 5941.507 Thread 0x00000175accdb410 StackOverflowError at 0x000001759cd01260
Event: 5941.514 Thread 0x00000175accdb410 Exception <a 'java/lang/StackOverflowError'{0x0000000087d44290}> (0x0000000087d44290) 
thrown [s\open\src\hotspot\share\runtime\sharedRuntime.cpp, line 625]

VM Operations (20 events):
Event: 5941.596 Executing VM operation: get/set locals
Event: 5941.596 Executing VM operation: get/set locals done
Event: 5949.930 Executing VM operation: ChangeBreakpoints
Event: 5949.931 Executing VM operation: ChangeBreakpoints done
Event: 5950.529 Executing VM operation: ChangeSingleStep
Event: 5950.529 Executing VM operation: ChangeSingleStep done
Event: 5950.531 Executing VM operation: ChangeSingleStep
Event: 5950.531 Executing VM operation: ChangeSingleStep done
Event: 5950.533 Executing VM operation: ChangeSingleStep
Event: 5950.533 Executing VM operation: ChangeSingleStep done
Event: 5950.533 Executing VM operation: ChangeSingleStep
Event: 5950.533 Executing VM operation: ChangeSingleStep done
Event: 5950.626 Executing VM operation: RedefineClasses
Event: 5951.917 Executing VM operation: RedefineClasses done
Event: 5951.939 Executing VM operation: ChangeBreakpoints
Event: 5951.942 Executing VM operation: ChangeBreakpoints done
Event: 5951.964 Executing VM operation: ChangeBreakpoints
Event: 5951.966 Executing VM operation: ChangeBreakpoints done
Event: 5951.991 Executing VM operation: ChangeSingleStep
Event: 5951.991 Executing VM operation: ChangeSingleStep done

Events (20 events):
Event: 2595.851 Thread 0x00000175ab481500 Thread added: 0x00000175ab481500
Event: 2595.851 Thread 0x00000175ab480ff0 Thread added: 0x00000175ab480ff0
Event: 2598.766 Thread 0x00000175ab480ff0 Thread exited: 0x00000175ab480ff0
Event: 2600.701 Thread 0x00000175ae526a00 Thread exited: 0x00000175ae526a00
Event: 2601.281 Thread 0x00000175ae52c570 Thread exited: 0x00000175ae52c570
Event: 2605.302 Thread 0x00000175ab481500 Thread exited: 0x00000175ab481500
Event: 4359.187 Thread 0x00000175ae529080 Thread added: 0x00000175ae529080
Event: 4359.188 Thread 0x00000175ae529ef0 Thread added: 0x00000175ae529ef0
Event: 5460.762 Thread 0x00000175ab47fbb0 Thread added: 0x00000175ab47fbb0
Event: 5460.923 Thread 0x00000175ab4805d0 Thread added: 0x00000175ab4805d0
Event: 5460.923 Thread 0x00000175ab480ff0 Thread added: 0x00000175ab480ff0
Event: 5462.777 Thread 0x00000175ab480ff0 Thread exited: 0x00000175ab480ff0
Event: 5462.778 Thread 0x00000175ae529080 Thread exited: 0x00000175ae529080
Event: 5464.404 Thread 0x00000175ae528210 Thread added: 0x00000175ae528210
Event: 5464.405 Thread 0x00000175ab4805d0 Thread exited: 0x00000175ab4805d0
Event: 5469.575 Thread 0x00000175ae528210 Thread exited: 0x00000175ae528210
Event: 5470.274 Thread 0x00000175ab47fbb0 Thread exited: 0x00000175ab47fbb0
Event: 5470.275 Thread 0x00000175ae529ef0 Thread exited: 0x00000175ae529ef0
Event: 5671.251 Thread 0x00000175ab47e260 Thread added: 0x00000175ab47e260
Event: 5676.307 Thread 0x00000175ab47e260 Thread exited: 0x00000175ab47e260


Dynamic libraries:
0x00007ff6ceff0000 - 0x00007ff6cf000000 	C:\Program Files\Java\jdk-18.0.2.1\bin\javaw.exe
0x00007ffee6010000 - 0x00007ffee6227000 	C:\WINDOWS\SYSTEM32\ntdll.dll
0x00007ffee41d0000 - 0x00007ffee4294000 	C:\WINDOWS\System32\KERNEL32.DLL
0x00007ffee3840000 - 0x00007ffee3be6000 	C:\WINDOWS\System32\KERNELBASE.dll
0x00007ffee3550000 - 0x00007ffee3661000 	C:\WINDOWS\System32\ucrtbase.dll
0x00007ffed0f30000 - 0x00007ffed0f4a000 	C:\Program Files\Java\jdk-18.0.2.1\bin\VCRUNTIME140.dll
0x00007ffeced60000 - 0x00007ffeced78000 	C:\Program Files\Java\jdk-18.0.2.1\bin\jli.dll
0x00007ffee4e80000 - 0x00007ffee4f33000 	C:\WINDOWS\System32\ADVAPI32.dll
0x00007ffee4b30000 - 0x00007ffee4bd7000 	C:\WINDOWS\System32\msvcrt.dll
0x00007ffee5e60000 - 0x00007ffee5f08000 	C:\WINDOWS\System32\sechost.dll
0x00007ffee3350000 - 0x00007ffee3378000 	C:\WINDOWS\System32\bcrypt.dll
0x00007ffee40b0000 - 0x00007ffee41c7000 	C:\WINDOWS\System32\RPCRT4.dll
0x00007ffee5cb0000 - 0x00007ffee5e5e000 	C:\WINDOWS\System32\USER32.dll
0x00007ffee34a0000 - 0x00007ffee34c6000 	C:\WINDOWS\System32\win32u.dll
0x00007ffebf120000 - 0x00007ffebf3b3000 	C:\WINDOWS\WinSxS\amd64_microsoft.windows.common-controls_6595b64144ccf1df_6.0.22621.2506_none_270c5ae97388e100\COMCTL32.dll
0x00007ffee51c0000 - 0x00007ffee51e9000 	C:\WINDOWS\System32\GDI32.dll
0x00007ffee3380000 - 0x00007ffee3498000 	C:\WINDOWS\System32\gdi32full.dll
0x00007ffee3670000 - 0x00007ffee370a000 	C:\WINDOWS\System32\msvcp_win.dll
0x00007ffedb9b0000 - 0x00007ffedb9ba000 	C:\WINDOWS\SYSTEM32\VERSION.dll
0x00007ffee3ed0000 - 0x00007ffee3f01000 	C:\WINDOWS\System32\IMM32.DLL
0x00007ffede360000 - 0x00007ffede36c000 	C:\Program Files\Java\jdk-18.0.2.1\bin\vcruntime140_1.dll
0x00007ffececa0000 - 0x00007ffeced2d000 	C:\Program Files\Java\jdk-18.0.2.1\bin\msvcp140.dll
0x00007ffe27080000 - 0x00007ffe27c91000 	C:\Program Files\Java\jdk-18.0.2.1\bin\server\jvm.dll
0x00007ffee5fc0000 - 0x00007ffee5fc8000 	C:\WINDOWS\System32\PSAPI.DLL
0x00007ffedaff0000 - 0x00007ffedb024000 	C:\WINDOWS\SYSTEM32\WINMM.dll
0x00007ffec54b0000 - 0x00007ffec54b9000 	C:\WINDOWS\SYSTEM32\WSOCK32.dll
0x00007ffee51f0000 - 0x00007ffee5261000 	C:\WINDOWS\System32\WS2_32.dll
0x00007ffee2380000 - 0x00007ffee2398000 	C:\WINDOWS\SYSTEM32\kernel.appcore.dll
0x00007ffed0da0000 - 0x00007ffed0daa000 	C:\Program Files\Java\jdk-18.0.2.1\bin\jimage.dll
0x00007ffee0c00000 - 0x00007ffee0e33000 	C:\WINDOWS\SYSTEM32\DBGHELP.DLL
0x00007ffee4320000 - 0x00007ffee46a9000 	C:\WINDOWS\System32\combase.dll
0x00007ffee5bb0000 - 0x00007ffee5c87000 	C:\WINDOWS\System32\OLEAUT32.dll
0x00007ffeccbf0000 - 0x00007ffeccc22000 	C:\WINDOWS\SYSTEM32\dbgcore.DLL
0x00007ffee34d0000 - 0x00007ffee354a000 	C:\WINDOWS\System32\bcryptPrimitives.dll
0x00007ffed0c70000 - 0x00007ffed0cab000 	C:\Program Files\Java\jdk-18.0.2.1\bin\jdwp.dll
0x00007ffed0800000 - 0x00007ffed080e000 	C:\Program Files\Java\jdk-18.0.2.1\bin\instrument.dll
0x00007ffece420000 - 0x00007ffece445000 	C:\Program Files\Java\jdk-18.0.2.1\bin\java.dll
0x00007ffece2d0000 - 0x00007ffece3a6000 	C:\Program Files\Java\jdk-18.0.2.1\bin\jsvml.dll
0x00007ffee5350000 - 0x00007ffee5baa000 	C:\WINDOWS\System32\SHELL32.dll
0x00007ffee12a0000 - 0x00007ffee1b96000 	C:\WINDOWS\SYSTEM32\windows.storage.dll
0x00007ffee1160000 - 0x00007ffee129e000 	C:\WINDOWS\SYSTEM32\wintypes.dll
0x00007ffee3dd0000 - 0x00007ffee3ec3000 	C:\WINDOWS\System32\SHCORE.dll
0x00007ffee5100000 - 0x00007ffee515e000 	C:\WINDOWS\System32\shlwapi.dll
0x00007ffee3280000 - 0x00007ffee32a6000 	C:\WINDOWS\SYSTEM32\profapi.dll
0x00007ffee0170000 - 0x00007ffee017c000 	C:\Program Files\Java\jdk-18.0.2.1\bin\dt_socket.dll
0x00007ffee1e00000 - 0x00007ffee1e2d000 	C:\WINDOWS\SYSTEM32\IPHLPAPI.DLL
0x00007ffee2800000 - 0x00007ffee2869000 	C:\WINDOWS\system32\mswsock.dll
0x00007ffee1e70000 - 0x00007ffee1f69000 	C:\WINDOWS\SYSTEM32\DNSAPI.dll
0x00007ffee4d60000 - 0x00007ffee4d69000 	C:\WINDOWS\System32\NSI.dll
0x00000000690d0000 - 0x00000000690f6000 	C:\Program Files\Bonjour\mdnsNSP.dll
0x00007ffedb9a0000 - 0x00007ffedb9aa000 	C:\Windows\System32\rasadhlp.dll
0x00007ffeda620000 - 0x00007ffeda6a3000 	C:\WINDOWS\System32\fwpuclnt.dll
0x00007ffece2b0000 - 0x00007ffece2c8000 	C:\Program Files\Java\jdk-18.0.2.1\bin\zip.dll
0x00007ffece290000 - 0x00007ffece2a3000 	C:\Program Files\Java\jdk-18.0.2.1\bin\net.dll
0x00007ffedd700000 - 0x00007ffedd837000 	C:\WINDOWS\SYSTEM32\WINHTTP.dll
0x00007ffece270000 - 0x00007ffece286000 	C:\Program Files\Java\jdk-18.0.2.1\bin\nio.dll
0x00007ffed80d0000 - 0x00007ffed80d9000 	C:\Program Files\Java\jdk-18.0.2.1\bin\management.dll
0x00007ffed2cb0000 - 0x00007ffed2cbb000 	C:\Program Files\Java\jdk-18.0.2.1\bin\management_ext.dll
0x00007ffec4820000 - 0x00007ffec4837000 	C:\WINDOWS\system32\napinsp.dll
0x00007ffec4940000 - 0x00007ffec495b000 	C:\WINDOWS\system32\pnrpnsp.dll
0x00007ffec4920000 - 0x00007ffec4931000 	C:\WINDOWS\System32\winrnr.dll
0x00007ffec4900000 - 0x00007ffec4915000 	C:\WINDOWS\system32\wshbth.dll
0x00007ffec48d0000 - 0x00007ffec48f1000 	C:\WINDOWS\system32\nlansp_c.dll
0x00007ffee2a50000 - 0x00007ffee2a6b000 	C:\WINDOWS\SYSTEM32\CRYPTSP.dll
0x00007ffee22e0000 - 0x00007ffee2315000 	C:\WINDOWS\system32\rsaenh.dll
0x00007ffee28f0000 - 0x00007ffee291c000 	C:\WINDOWS\SYSTEM32\USERENV.dll
0x00007ffee2a70000 - 0x00007ffee2a7c000 	C:\WINDOWS\SYSTEM32\CRYPTBASE.dll
0x00007ffedd4b0000 - 0x00007ffedd4c9000 	C:\WINDOWS\SYSTEM32\dhcpcsvc6.DLL
0x00007ffedd310000 - 0x00007ffedd32f000 	C:\WINDOWS\SYSTEM32\dhcpcsvc.DLL
0x00007ffeced30000 - 0x00007ffeced40000 	C:\Program Files\Java\jdk-18.0.2.1\bin\verify.dll
0x00007ffece1d0000 - 0x00007ffece1de000 	C:\Program Files\Java\jdk-18.0.2.1\bin\sunmscapi.dll
0x00007ffee3bf0000 - 0x00007ffee3d56000 	C:\WINDOWS\System32\CRYPT32.dll
0x00007ffee2c10000 - 0x00007ffee2c3e000 	C:\WINDOWS\SYSTEM32\ncrypt.dll
0x00007ffee2bd0000 - 0x00007ffee2c07000 	C:\WINDOWS\SYSTEM32\NTASN1.dll

dbghelp: loaded successfully - version: 4.0.5 - missing functions: none
symbol engine: initialized successfully - sym options: 0x614 - pdb path: .;C:\Program Files\Java\jdk-18.0.2.1\bin;C:\WINDOWS\SYSTEM32;C:\WINDOWS\WinSxS\amd64_microsoft.windows.common-controls_6595b64144ccf1df_6.0.22621.2506_none_270c5ae97388e100;C:\Program Files\Java\jdk-18.0.2.1\bin\server;C:\Program Files\Bonjour

VM Arguments:
jvm_args: -XX:+ShowCodeDetailsInExceptionMessages -agentlib:jdwp=transport=dt_socket,suspend=y,address=localhost:58856 -Dcom.sun.management.jmxremote -Dcom.sun.management.jmxremote.port=58854 -Dcom.sun.management.jmxremote.authenticate=false -Dcom.sun.management.jmxremote.ssl=false -Djava.rmi.server.hostname=localhost -Dspring.jmx.enabled=true -Dmanagement.endpoints.jmx.exposure.include=* -Dspring.application.admin.enabled=true -XX:TieredStopAtLevel=1 -Dspring.boot.project.name=Admin-Service -javaagent:C:\Users\Dell\eclipse\java-2022-09\eclipse\configuration\org.eclipse.osgi\228\0\.cp\lib\javaagent-shaded.jar -Dfile.encoding=UTF-8 
java_command: com.admin.AdminServiceApplication --spring.output.ansi.enabled=always
java_class_path (initial): D:\MicroServices\Admin-Service\target\classes;C:\Users\Dell\.m2\repository\org\springframework\boot\spring-boot-starter-data-jdbc\3.1.8\spring-boot-starter-data-jdbc-3.1.8.jar;C:\Users\Dell\.m2\repository\org\springframework\boot\spring-boot-starter-jdbc\3.1.8\spring-boot-starter-jdbc-3.1.8.jar;C:\Users\Dell\.m2\repository\com\zaxxer\HikariCP\5.0.1\HikariCP-5.0.1.jar;C:\Users\Dell\.m2\repository\org\springframework\spring-jdbc\6.0.16\spring-jdbc-6.0.16.jar;C:\Users\Dell\.m2\repository\org\springframework\data\spring-data-jdbc\3.1.8\spring-data-jdbc-3.1.8.jar;C:\Users\Dell\.m2\repository\org\springframework\data\spring-data-relational\3.1.8\spring-data-relational-3.1.8.jar;C:\Users\Dell\.m2\repository\org\springframework\data\spring-data-commons\3.1.8\spring-data-commons-3.1.8.jar;C:\Users\Dell\.m2\repository\org\springframework\spring-tx\6.0.16\spring-tx-6.0.16.jar;C:\Users\Dell\.m2\repository\org\springframework\spring-context\6.0.16\spring-context-6.0.16.jar;C:\Users\Dell\.m2\repository\org\springframework\spring-beans\6.0.16\spring-beans-6.0.16.jar;C:\Users\Dell\.m2\repository\org\slf4j\slf4j-api\2.0.11\slf4j-api-2.0.11.jar;C:\Users\Dell\.m2\repository\org\springframework\boot\spring-boot-starter-data-jpa\3.1.8\spring-boot-starter-data-jpa-3.1.8.jar;C:\Users\Dell\.m2\repository\org\springframework\boot\spring-boot-starter-aop\3.1.8\spring-boot-starter-aop-3.1.8.jar;C:\Users\Dell\.m2\repository\org\springframework\spring-aop\6.0.16\spring-aop-6.0.16.jar;C:\Users\Dell\.m2\repository\org\aspectj\aspectjweaver\1.9.21\aspectjweaver-1.9.21.jar;C:\Users\Dell\.m2\repository\org\hibernate\orm\hibernate-core\6.2.20.Final\hibernate-core-6.2.20.Final.jar;C:\Users\Dell\.m2\repository\jakarta\persistence\jakarta.persistence-api\3.1.0\jakarta.persistence-api-3.1.0.jar;C:\Users\Dell\.m2\repository\jakarta\transaction\jakarta.transaction-api\2.0.1\jakarta.transaction-api-2.0.1.jar;C:\Users\Dell\.m2\repository\org\jboss\logging\jboss-logging\3.5.3.Final\jboss-logging-3.5.3.Final.jar;C:\Users\Dell\.m2\repository\org\hibernate\common\hibernate-commons-annotations\6.0.6.Final\hibernate-commons-annotations-6.0.6.Final.jar;C:\Users\Dell\.m2\repository\io\smallrye\jandex\3.0.5\jandex-3.0.5.jar;C:\Users\Dell\.m2\repository\com\fasterxml\classmate\1.5.1\classmate-1.5.1.jar;C:\Users\Dell\.m2\repository\net\bytebuddy\byte-buddy\1.14.11\byte-buddy-1.14.11.jar;C:\Users\Dell\.m2\repository\org\glassfish\jaxb\jaxb-runtime\4.0.4\jaxb-runtime-4.0.4.jar;C:\Users\Dell\.m2\repository\org\glassfish\jaxb\jaxb-core\4.0.4\jaxb-core-4.0.4.jar;C:\Users\Dell\.m2\repository\org\eclipse\angus\angus-activation\2.0.1\angus-activation-2.0.1.jar;C:\Users\Dell\.m2\repository\org\glassfish\jaxb\txw2\4.0.4\txw2-4.0.4.jar;C:\Users\Dell\.m2\repository\com\sun\istack\istack-commons-runtime\4.1.2\istack-commons-runtime-4.1.2.jar;C:\Users\Dell\.m2\repository\jakarta\inject\jakarta.inject-api\2.0.1\jakarta.inject-api-2.0.1.jar;C:\Users\Dell\.m2\repository\org\antlr\antlr4-runtime\4.10.1\antlr4-runtime-4.10.1.jar;C:\Users\Dell\.m2\repository\org\springframework\data\spring-data-jpa\3.1.8\spring-data-jpa-3.1.8.jar;C:\Users\Dell\.m2\repository\org\springframework\spring-orm\6.0.16\spring-orm-6.0.16.jar;C:\Users\Dell\.m2\repository\jakarta\annotation\jakarta.annotation-api\2.1.1\jakarta.annotation-api-2.1.1.jar;C:\Users\Dell\.m2\repository\org\springframework\spring-aspects\6.0.16\spring-aspects-6.0.16.jar;C:\Users\Dell\.m2\repository\org\springframework\boot\spring-boot-starter-web\3.1.8\spring-boot-starter-web-3.1.8.jar;C:\Users\Dell\.m2\repository\org\springframework\boot\spring-boot-starter\3.1.8\spring-boot-starter-3.1.8.jar;C:\Users\Dell\.m2\repository\org\springframework\boot\spring-boot\3.1.8\spring-boot-3.1.8.jar;C:\Users\Dell\.m2\repository\org\springframework\boot\spring-boot-autoconfigure\3.1.8\spring-boot-autoconfigure-3.1.8.jar;C:\Users\Dell\.m2\repository\org\springframework\boot\spring-boot-starter-logging\3.1.8\spring-boot-starter-logging-3.1.8.jar;C:\Users\Dell\.m2\repository\ch\qos\logback\logback-classic\1.4.14\logback-classic-1.4.14.jar;C:\Users\Dell\.m2\repository\ch\qos\logback\logback-core\1.4.14\logback-core-1.4.14.jar;C:\Users\Dell\.m2\repository\org\apache\logging\log4j\log4j-to-slf4j\2.20.0\log4j-to-slf4j-2.20.0.jar;C:\Users\Dell\.m2\repository\org\apache\logging\log4j\log4j-api\2.20.0\log4j-api-2.20.0.jar;C:\Users\Dell\.m2\repository\org\slf4j\jul-to-slf4j\2.0.11\jul-to-slf4j-2.0.11.jar;C:\Users\Dell\.m2\repository\org\yaml\snakeyaml\1.33\snakeyaml-1.33.jar;C:\Users\Dell\.m2\repository\org\springframework\boot\spring-boot-starter-json\3.1.8\spring-boot-starter-json-3.1.8.jar;C:\Users\Dell\.m2\repository\com\fasterxml\jackson\core\jackson-databind\2.15.3\jackson-databind-2.15.3.jar;C:\Users\Dell\.m2\repository\com\fasterxml\jackson\datatype\jackson-datatype-jdk8\2.15.3\jackson-datatype-jdk8-2.15.3.jar;C:\Users\Dell\.m2\repository\com\fasterxml\jackson\datatype\jackson-datatype-jsr310\2.15.3\jackson-datatype-jsr310-2.15.3.jar;C:\Users\Dell\.m2\repository\com\fasterxml\jackson\module\jackson-module-parameter-names\2.15.3\jackson-module-parameter-names-2.15.3.jar;C:\Users\Dell\.m2\repository\org\springframework\boot\spring-boot-starter-tomcat\3.1.8\spring-boot-starter-tomcat-3.1.8.jar;C:\Users\Dell\.m2\repository\org\apache\tomcat\embed\tomcat-embed-core\10.1.18\tomcat-embed-core-10.1.18.jar;C:\Users\Dell\.m2\repository\org\apache\tomcat\embed\tomcat-embed-el\10.1.18\tomcat-embed-el-10.1.18.jar;C:\Users\Dell\.m2\repository\org\apache\tomcat\embed\tomcat-embed-websocket\10.1.18\tomcat-embed-websocket-10.1.18.jar;C:\Users\Dell\.m2\repository\org\springframework\spring-web\6.0.16\spring-web-6.0.16.jar;C:\Users\Dell\.m2\repository\io\micrometer\micrometer-observation\1.11.8\micrometer-observation-1.11.8.jar;C:\Users\Dell\.m2\repository\io\micrometer\micrometer-commons\1.11.8\micrometer-commons-1.11.8.jar;C:\Users\Dell\.m2\repository\org\springframework\spring-webmvc\6.0.16\spring-webmvc-6.0.16.jar;C:\Users\Dell\.m2\repository\org\springframework\spring-expression\6.0.16\spring-expression-6.0.16.jar;C:\Users\Dell\.m2\repository\org\springframework\cloud\spring-cloud-starter-netflix-eureka-client\4.0.4\spring-cloud-starter-netflix-eureka-client-4.0.4.jar;C:\Users\Dell\.m2\repository\org\springframework\cloud\spring-cloud-starter\4.0.5\spring-cloud-starter-4.0.5.jar;C:\Users\Dell\.m2\repository\org\springframework\cloud\spring-cloud-context\4.0.5\spring-cloud-context-4.0.5.jar;C:\Users\Dell\.m2\repository\org\springframework\security\spring-security-rsa\1.0.12.RELEASE\spring-security-rsa-1.0.12.RELEASE.jar;C:\Users\Dell\.m2\repository\org\bouncycastle\bcpkix-jdk18on\1.73\bcpkix-jdk18on-1.73.jar;C:\Users\Dell\.m2\repository\org\bouncycastle\bcprov-jdk18on\1.73\bcprov-jdk18on-1.73.jar;C:\Users\Dell\.m2\repository\org\bouncycastle\bcutil-jdk18on\1.73\bcutil-jdk18on-1.73.jar;C:\Users\Dell\.m2\repository\org\springframework\cloud\spring-cloud-netflix-eureka-client\4.0.4\spring-cloud-netflix-eureka-client-4.0.4.jar;C:\Users\Dell\.m2\repository\org\apache\httpcomponents\client5\httpclient5\5.2.3\httpclient5-5.2.3.jar;C:\Users\Dell\.m2\repository\org\apache\httpcomponents\core5\httpcore5\5.2.4\httpcore5-5.2.4.jar;C:\Users\Dell\.m2\repository\org\apache\httpcomponents\core5\httpcore5-h2\5.2.4\httpcore5-h2-5.2.4.jar;C:\Users\Dell\.m2\repository\com\netflix\eureka\eureka-client\2.0.1\eureka-client-2.0.1.jar;C:\Users\Dell\.m2\repository\com\netflix\netflix-commons\netflix-eventbus\0.3.0\netflix-eventbus-0.3.0.jar;C:\Users\Dell\.m2\repository\com\netflix\netflix-commons\netflix-infix\0.3.0\netflix-infix-0.3.0.jar;C:\Users\Dell\.m2\repository\commons-jxpath\commons-jxpath\1.3\commons-jxpath-1.3.jar;C:\Users\Dell\.m2\repository\joda-time\joda-time\2.3\joda-time-2.3.jar;C:\Users\Dell\.m2\repository\org\antlr\antlr-runtime\3.4\antlr-runtime-3.4.jar;C:\Users\Dell\.m2\repository\org\antlr\stringtemplate\3.2.1\stringtemplate-3.2.1.jar;C:\Users\Dell\.m2\repository\antlr\antlr\2.7.7\antlr-2.7.7.jar;C:\Users\Dell\.m2\repository\com\google\code\gson\gson\2.10.1\gson-2.10.1.jar;C:\Users\Dell\.m2\repository\org\apache\commons\commons-math\2.2\commons-math-2.2.jar;C:\Users\Dell\.m2\repository\com\thoughtworks\xstream\xstream\1.4.19\xstream-1.4.19.jar;C:\Users\Dell\.m2\repository\io\github\x-stream\mxparser\1.2.2\mxparser-1.2.2.jar;C:\Users\Dell\.m2\repository\xmlpull\xmlpull\1.1.3.1\xmlpull-1.1.3.1.jar;C:\Users\Dell\.m2\repository\jakarta\ws\rs\jakarta.ws.rs-api\3.1.0\jakarta.ws.rs-api-3.1.0.jar;C:\Users\Dell\.m2\repository\com\netflix\servo\servo-core\0.12.21\servo-core-0.12.21.jar;C:\Users\Dell\.m2\repository\com\google\guava\guava\19.0\guava-19.0.jar;C:\Users\Dell\.m2\repository\org\apache\httpcomponents\httpclient\4.5.3\httpclient-4.5.3.jar;C:\Users\Dell\.m2\repository\org\apache\httpcomponents\httpcore\4.4.16\httpcore-4.4.16.jar;C:\Users\Dell\.m2\repository\commons-codec\commons-codec\1.15\commons-codec-1.15.jar;C:\Users\Dell\.m2\repository\commons-configuration\commons-configuration\1.10\commons-configuration-1.10.jar;C:\Users\Dell\.m2\repository\commons-lang\commons-lang\2.6\commons-lang-2.6.jar;C:\Users\Dell\.m2\repository\com\fasterxml\jackson\core\jackson-annotations\2.15.3\jackson-annotations-2.15.3.jar;C:\Users\Dell\.m2\repository\com\fasterxml\jackson\core\jackson-core\2.15.3\jackson-core-2.15.3.jar;C:\Users\Dell\.m2\repository\org\codehaus\jettison\jettison\1.4.0\jettison-1.4.0.jar;C:\Users\Dell\.m2\repository\com\netflix\eureka\eureka-core\2.0.1\eureka-core-2.0.1.jar;C:\Users\Dell\.m2\repository\com\fasterxml\woodstox\woodstox-core\6.2.1\woodstox-core-6.2.1.jar;C:\Users\Dell\.m2\repository\org\codehaus\woodstox\stax2-api\4.2.1\stax2-api-4.2.1.jar;C:\Users\Dell\.m2\repository\org\springframework\cloud\spring-cloud-starter-loadbalancer\4.0.5\spring-cloud-starter-loadbalancer-4.0.5.jar;C:\Users\Dell\.m2\repository\org\springframework\cloud\spring-cloud-loadbalancer\4.0.5\spring-cloud-loadbalancer-4.0.5.jar;C:\Users\Dell\.m2\repository\io\projectreactor\reactor-core\3.5.14\reactor-core-3.5.14.jar;C:\Users\Dell\.m2\repository\org\reactivestreams\reactive-streams\1.0.4\reactive-streams-1.0.4.jar;C:\Users\Dell\.m2\repository\io\projectreactor\addons\reactor-extra\3.5.1\reactor-extra-3.5.1.jar;C:\Users\Dell\.m2\repository\org\springframework\boot\spring-boot-starter-cache\3.1.8\spring-boot-starter-cache-3.1.8.jar;C:\Users\Dell\.m2\repository\org\springframework\spring-context-support\6.0.16\spring-context-support-6.0.16.jar;C:\Users\Dell\.m2\repository\com\stoyanr\evictor\1.0.0\evictor-1.0.0.jar;C:\Users\Dell\.m2\repository\org\springframework\cloud\spring-cloud-starter-openfeign\4.0.6\spring-cloud-starter-openfeign-4.0.6.jar;C:\Users\Dell\.m2\repository\org\springframework\cloud\spring-cloud-openfeign-core\4.0.6\spring-cloud-openfeign-core-4.0.6.jar;C:\Users\Dell\.m2\repository\io\github\openfeign\form\feign-form-spring\3.8.0\feign-form-spring-3.8.0.jar;C:\Users\Dell\.m2\repository\io\github\openfeign\form\feign-form\3.8.0\feign-form-3.8.0.jar;C:\Users\Dell\.m2\repository\commons-fileupload\commons-fileupload\1.5\commons-fileupload-1.5.jar;C:\Users\Dell\.m2\repository\commons-io\commons-io\2.11.0\commons-io-2.11.0.jar;C:\Users\Dell\.m2\repository\org\springframework\cloud\spring-cloud-commons\4.0.5\spring-cloud-commons-4.0.5.jar;C:\Users\Dell\.m2\repository\org\springframework\security\spring-security-crypto\6.1.6\spring-security-crypto-6.1.6.jar;C:\Users\Dell\.m2\repository\io\github\openfeign\feign-core\12.5\feign-core-12.5.jar;C:\Users\Dell\.m2\repository\io\github\openfeign\feign-slf4j\12.5\feign-slf4j-12.5.jar;C:\Users\Dell\.m2\repository\com\mysql\mysql-connector-j\8.0.33\mysql-connector-j-8.0.33.jar;C:\Users\Dell\.m2\repository\org\projectlombok\lombok\1.18.30\lombok-1.18.30.jar;C:\Users\Dell\.m2\repository\jakarta\xml\bind\jakarta.xml.bind-api\4.0.1\jakarta.xml.bind-api-4.0.1.jar;C:\Users\Dell\.m2\repository\jakarta\activation\jakarta.activation-api\2.1.2\jakarta.activation-api-2.1.2.jar;C:\Users\Dell\.m2\repository\org\springframework\spring-core\6.0.16\spring-core-6.0.16.jar;C:\Users\Dell\.m2\repository\org\springframework\spring-jcl\6.0.16\spring-jcl-6.0.16.jar
Launcher Type: SUN_STANDARD

[Global flags]
     intx CICompilerCount                          = 4                                         {product} {ergonomic}
     uint ConcGCThreads                            = 2                                         {product} {ergonomic}
     uint G1ConcRefinementThreads                  = 8                                         {product} {ergonomic}
   size_t G1HeapRegionSize                         = 1048576                                   {product} {ergonomic}
    uintx GCDrainStackTargetSize                   = 64                                        {product} {ergonomic}
   size_t InitialHeapSize                          = 130023424                                 {product} {ergonomic}
     bool ManagementServer                         = true                                      {product} {command line}
   size_t MarkStackSize                            = 4194304                                   {product} {ergonomic}
   size_t MaxHeapSize                              = 2078277632                                {product} {ergonomic}
   size_t MaxNewSize                               = 1246756864                                {product} {ergonomic}
   size_t MinHeapDeltaBytes                        = 1048576                                   {product} {ergonomic}
   size_t MinHeapSize                              = 8388608                                   {product} {ergonomic}
    uintx NonProfiledCodeHeapSize                  = 0                                      {pd product} {ergonomic}
     bool ProfileInterpreter                       = false                                  {pd product} {command line}
    uintx ProfiledCodeHeapSize                     = 0                                      {pd product} {ergonomic}
     bool ShowCodeDetailsInExceptionMessages       = true                                   {manageable} {command line}
   size_t SoftMaxHeapSize                          = 2078277632                             {manageable} {ergonomic}
     intx TieredStopAtLevel                        = 1                                         {product} {command line}
     bool UseCompressedClassPointers               = true                           {product lp64_product} {ergonomic}
     bool UseCompressedOops                        = true                           {product lp64_product} {ergonomic}
     bool UseG1GC                                  = true                                      {product} {ergonomic}
     bool UseLargePagesIndividualAllocation        = false                                  {pd product} {ergonomic}

Logging:
Log output configuration:
 #0: stdout all=warning uptime,level,tags foldmultilines=false
 #1: stderr all=off uptime,level,tags foldmultilines=false

Environment Variables:
PATH=C:/Program Files/Java/jdk-18.0.2.1/bin/server;C:/Program Files/Java/jdk-18.0.2.1/bin;C:\Program Files\Common Files\Oracle\Java\javapath;C:\WINDOWS\system32;C:\WINDOWS;C:\WINDOWS\System32\Wbem;C:\WINDOWS\System32\WindowsPowerShell\v1.0\;C:\WINDOWS\System32\OpenSSH\;C:\Program Files\Git\cmd;E:\node-v14.21.3-win-x64;C:\Program Files\Java\jdk-18.0.2.1\bin;C:\Users\Dell\AppData\Local\Microsoft\WindowsApps;C:\Users\Dell\AppData\Local\Programs\Microsoft VS Code\bin;C:\Users\Dell\AppData\Local\GitHubDesktop\bin;C:\Program Files\MySQL\MySQL Server 8.0\bin;;C:\WINDOWS\system32;
USERNAME=Dell
OS=Windows_NT
PROCESSOR_IDENTIFIER=Intel64 Family 6 Model 140 Stepping 1, GenuineIntel



---------------  S Y S T E M  ---------------

OS:
 Windows 11 , 64 bit Build 22621 (10.0.22621.2506)
OS uptime: 13 days 13:33 hours

CPU: total 8 (initial active 8) (4 cores per cpu, 2 threads per core) family 6 model 140 stepping 1 microcode 0xb4, cx8, cmov, fxsr, ht, mmx, 3dnowpref, sse, sse2, sse3, ssse3, sse4.1, sse4.2, popcnt, lzcnt, tsc, tscinvbit, avx, avx2, aes, erms, clmul, bmi1, bmi2, adx, avx512f, avx512dq, avx512cd, avx512bw, avx512vl, sha, fma, vzeroupper, avx512_vpopcntdq, avx512_vpclmulqdq, avx512_vaes, avx512_vnni, clflush, clflushopt, clwb, avx512_vbmi2, avx512_vbmi

Memory: 4k page, system-wide physical 7926M (672M free)
TotalPageFile size 32202M (AvailPageFile size 4306M)
current process WorkingSet (physical memory assigned to process): 142M, peak: 278M
current process commit charge ("private bytes"): 327M, peak: 327M

vm_info: Java HotSpot(TM) 64-Bit Server VM (18.0.2.1+1-1) for windows-amd64 JRE (18.0.2.1+1-1), built on Aug 16 2022 01:46:33 by "mach5one" with MS VC++ 16.8 / 16.9 (VS2019)

END.
